{"/home/sita/Desktop/projects/js/collection/src/collect.ts": {"path":"/home/sita/Desktop/projects/js/collection/src/collect.ts","statementMap":{"0":{"start":{"line":4,"column":10},"end":{"line":4,"column":null}},"1":{"start":{"line":7,"column":4},"end":{"line":7,"column":null}},"2":{"start":{"line":11,"column":4},"end":{"line":13,"column":5}},"3":{"start":{"line":12,"column":6},"end":{"line":12,"column":null}},"4":{"start":{"line":12,"column":48},"end":{"line":12,"column":70}},"5":{"start":{"line":14,"column":4},"end":{"line":14,"column":null}},"6":{"start":{"line":18,"column":4},"end":{"line":32,"column":5}},"7":{"start":{"line":19,"column":24},"end":{"line":19,"column":44}},"8":{"start":{"line":20,"column":6},"end":{"line":24,"column":7}},"9":{"start":{"line":20,"column":19},"end":{"line":20,"column":20}},"10":{"start":{"line":21,"column":8},"end":{"line":23,"column":9}},"11":{"start":{"line":22,"column":10},"end":{"line":22,"column":null}},"12":{"start":{"line":25,"column":6},"end":{"line":25,"column":null}},"13":{"start":{"line":27,"column":20},"end":{"line":27,"column":82}},"14":{"start":{"line":27,"column":49},"end":{"line":27,"column":80}},"15":{"start":{"line":28,"column":6},"end":{"line":30,"column":7}},"16":{"start":{"line":29,"column":8},"end":{"line":29,"column":null}},"17":{"start":{"line":31,"column":6},"end":{"line":31,"column":null}},"18":{"start":{"line":36,"column":4},"end":{"line":38,"column":5}},"19":{"start":{"line":37,"column":6},"end":{"line":37,"column":null}},"20":{"start":{"line":39,"column":4},"end":{"line":41,"column":5}},"21":{"start":{"line":40,"column":6},"end":{"line":40,"column":null}},"22":{"start":{"line":43,"column":4},"end":{"line":43,"column":null}},"23":{"start":{"line":43,"column":30},"end":{"line":43,"column":42}},"24":{"start":{"line":47,"column":4},"end":{"line":47,"column":null}},"25":{"start":{"line":51,"column":4},"end":{"line":65,"column":5}},"26":{"start":{"line":52,"column":24},"end":{"line":52,"column":44}},"27":{"start":{"line":53,"column":6},"end":{"line":57,"column":7}},"28":{"start":{"line":53,"column":19},"end":{"line":53,"column":20}},"29":{"start":{"line":54,"column":8},"end":{"line":56,"column":9}},"30":{"start":{"line":55,"column":10},"end":{"line":55,"column":null}},"31":{"start":{"line":58,"column":6},"end":{"line":58,"column":null}},"32":{"start":{"line":60,"column":20},"end":{"line":60,"column":82}},"33":{"start":{"line":60,"column":49},"end":{"line":60,"column":80}},"34":{"start":{"line":61,"column":6},"end":{"line":63,"column":7}},"35":{"start":{"line":62,"column":8},"end":{"line":62,"column":null}},"36":{"start":{"line":64,"column":6},"end":{"line":64,"column":null}},"37":{"start":{"line":69,"column":4},"end":{"line":69,"column":null}},"38":{"start":{"line":69,"column":19},"end":{"line":69,"column":null}},"39":{"start":{"line":70,"column":36},"end":{"line":70,"column":38}},"40":{"start":{"line":71,"column":4},"end":{"line":73,"column":5}},"41":{"start":{"line":71,"column":17},"end":{"line":71,"column":18}},"42":{"start":{"line":72,"column":6},"end":{"line":72,"column":null}},"43":{"start":{"line":75,"column":4},"end":{"line":75,"column":null}},"44":{"start":{"line":79,"column":4},"end":{"line":79,"column":null}},"45":{"start":{"line":79,"column":33},"end":{"line":79,"column":null}},"46":{"start":{"line":81,"column":36},"end":{"line":81,"column":38}},"47":{"start":{"line":82,"column":28},"end":{"line":82,"column":30}},"48":{"start":{"line":84,"column":4},"end":{"line":91,"column":5}},"49":{"start":{"line":84,"column":17},"end":{"line":84,"column":18}},"50":{"start":{"line":85,"column":6},"end":{"line":90,"column":7}},"51":{"start":{"line":86,"column":8},"end":{"line":86,"column":null}},"52":{"start":{"line":88,"column":8},"end":{"line":88,"column":null}},"53":{"start":{"line":89,"column":8},"end":{"line":89,"column":null}},"54":{"start":{"line":93,"column":4},"end":{"line":95,"column":5}},"55":{"start":{"line":94,"column":6},"end":{"line":94,"column":null}},"56":{"start":{"line":97,"column":4},"end":{"line":97,"column":null}},"57":{"start":{"line":101,"column":27},"end":{"line":101,"column":29}},"58":{"start":{"line":102,"column":4},"end":{"line":108,"column":null}},"59":{"start":{"line":103,"column":6},"end":{"line":107,"column":7}},"60":{"start":{"line":104,"column":8},"end":{"line":104,"column":null}},"61":{"start":{"line":106,"column":8},"end":{"line":106,"column":null}},"62":{"start":{"line":109,"column":4},"end":{"line":109,"column":null}},"63":{"start":{"line":116,"column":4},"end":{"line":116,"column":null}},"64":{"start":{"line":120,"column":31},"end":{"line":120,"column":33}},"65":{"start":{"line":121,"column":4},"end":{"line":127,"column":5}},"66":{"start":{"line":121,"column":17},"end":{"line":121,"column":18}},"67":{"start":{"line":122,"column":6},"end":{"line":126,"column":7}},"68":{"start":{"line":123,"column":8},"end":{"line":123,"column":null}},"69":{"start":{"line":125,"column":8},"end":{"line":125,"column":null}},"70":{"start":{"line":128,"column":4},"end":{"line":128,"column":null}},"71":{"start":{"line":132,"column":21},"end":{"line":132,"column":70}},"72":{"start":{"line":133,"column":4},"end":{"line":133,"column":null}},"73":{"start":{"line":137,"column":4},"end":{"line":139,"column":5}},"74":{"start":{"line":138,"column":6},"end":{"line":138,"column":null}},"75":{"start":{"line":141,"column":4},"end":{"line":148,"column":5}},"76":{"start":{"line":142,"column":6},"end":{"line":147,"column":null}},"77":{"start":{"line":143,"column":8},"end":{"line":145,"column":null}},"78":{"start":{"line":145,"column":13},"end":{"line":145,"column":94}},"79":{"start":{"line":150,"column":4},"end":{"line":150,"column":null}},"80":{"start":{"line":154,"column":4},"end":{"line":156,"column":5}},"81":{"start":{"line":155,"column":6},"end":{"line":155,"column":null}},"82":{"start":{"line":157,"column":4},"end":{"line":157,"column":null}},"83":{"start":{"line":161,"column":4},"end":{"line":161,"column":null}},"84":{"start":{"line":165,"column":4},"end":{"line":165,"column":null}},"85":{"start":{"line":169,"column":4},"end":{"line":176,"column":null}},"86":{"start":{"line":170,"column":18},"end":{"line":170,"column":43}},"87":{"start":{"line":171,"column":6},"end":{"line":173,"column":7}},"88":{"start":{"line":172,"column":8},"end":{"line":172,"column":null}},"89":{"start":{"line":174,"column":6},"end":{"line":174,"column":null}},"90":{"start":{"line":175,"column":6},"end":{"line":175,"column":null}},"91":{"start":{"line":190,"column":32},"end":{"line":190,"column":34}},"92":{"start":{"line":192,"column":19},"end":{"line":201,"column":5}},"93":{"start":{"line":193,"column":6},"end":{"line":196,"column":7}},"94":{"start":{"line":194,"column":8},"end":{"line":194,"column":null}},"95":{"start":{"line":195,"column":8},"end":{"line":195,"column":14}},"96":{"start":{"line":198,"column":6},"end":{"line":200,"column":7}},"97":{"start":{"line":199,"column":8},"end":{"line":199,"column":null}},"98":{"start":{"line":203,"column":4},"end":{"line":205,"column":5}},"99":{"start":{"line":204,"column":6},"end":{"line":204,"column":null}},"100":{"start":{"line":207,"column":4},"end":{"line":207,"column":null}},"101":{"start":{"line":212,"column":4},"end":{"line":212,"column":null}},"102":{"start":{"line":213,"column":4},"end":{"line":215,"column":5}},"103":{"start":{"line":214,"column":6},"end":{"line":214,"column":null}},"104":{"start":{"line":228,"column":4},"end":{"line":230,"column":5}},"105":{"start":{"line":229,"column":6},"end":{"line":229,"column":18}},"106":{"start":{"line":232,"column":4},"end":{"line":234,"column":5}},"107":{"start":{"line":233,"column":6},"end":{"line":233,"column":19}},"108":{"start":{"line":236,"column":18},"end":{"line":236,"column":36}},"109":{"start":{"line":237,"column":18},"end":{"line":237,"column":36}},"110":{"start":{"line":239,"column":4},"end":{"line":241,"column":5}},"111":{"start":{"line":240,"column":6},"end":{"line":240,"column":19}},"112":{"start":{"line":243,"column":4},"end":{"line":247,"column":5}},"113":{"start":{"line":244,"column":6},"end":{"line":246,"column":7}},"114":{"start":{"line":245,"column":8},"end":{"line":245,"column":21}},"115":{"start":{"line":249,"column":4},"end":{"line":249,"column":16}},"116":{"start":{"line":253,"column":23},"end":{"line":253,"column":72}},"117":{"start":{"line":254,"column":24},"end":{"line":254,"column":111}},"118":{"start":{"line":254,"column":50},"end":{"line":254,"column":110}},"119":{"start":{"line":254,"column":80},"end":{"line":254,"column":109}},"120":{"start":{"line":255,"column":4},"end":{"line":255,"column":39}},"121":{"start":{"line":259,"column":22},"end":{"line":259,"column":73}},"122":{"start":{"line":259,"column":50},"end":{"line":259,"column":72}},"123":{"start":{"line":260,"column":4},"end":{"line":260,"column":null}},"124":{"start":{"line":264,"column":22},"end":{"line":265,"column":null}},"125":{"start":{"line":265,"column":16},"end":{"line":265,"column":75}},"126":{"start":{"line":265,"column":40},"end":{"line":265,"column":74}},"127":{"start":{"line":267,"column":4},"end":{"line":267,"column":null}},"128":{"start":{"line":271,"column":22},"end":{"line":271,"column":89}},"129":{"start":{"line":271,"column":50},"end":{"line":271,"column":88}},"130":{"start":{"line":272,"column":4},"end":{"line":272,"column":null}},"131":{"start":{"line":276,"column":4},"end":{"line":276,"column":null}},"132":{"start":{"line":280,"column":38},"end":{"line":280,"column":40}},"133":{"start":{"line":281,"column":4},"end":{"line":285,"column":null}},"134":{"start":{"line":282,"column":6},"end":{"line":284,"column":7}},"135":{"start":{"line":283,"column":8},"end":{"line":283,"column":null}},"136":{"start":{"line":286,"column":4},"end":{"line":286,"column":null}},"137":{"start":{"line":290,"column":4},"end":{"line":290,"column":null}},"138":{"start":{"line":291,"column":4},"end":{"line":291,"column":null}},"139":{"start":{"line":296,"column":4},"end":{"line":296,"column":null}},"140":{"start":{"line":296,"column":47},"end":{"line":296,"column":76}},"141":{"start":{"line":300,"column":4},"end":{"line":300,"column":null}},"142":{"start":{"line":300,"column":47},"end":{"line":300,"column":76}},"143":{"start":{"line":304,"column":4},"end":{"line":304,"column":null}},"144":{"start":{"line":308,"column":4},"end":{"line":308,"column":null}},"145":{"start":{"line":308,"column":33},"end":{"line":308,"column":91}},"146":{"start":{"line":312,"column":4},"end":{"line":312,"column":null}},"147":{"start":{"line":316,"column":4},"end":{"line":316,"column":null}},"148":{"start":{"line":320,"column":4},"end":{"line":326,"column":null}},"149":{"start":{"line":322,"column":21},"end":{"line":322,"column":32}},"150":{"start":{"line":323,"column":8},"end":{"line":323,"column":null}},"151":{"start":{"line":323,"column":30},"end":{"line":323,"column":46}},"152":{"start":{"line":324,"column":8},"end":{"line":324,"column":null}},"153":{"start":{"line":330,"column":4},"end":{"line":330,"column":null}},"154":{"start":{"line":334,"column":4},"end":{"line":334,"column":null}},"155":{"start":{"line":338,"column":4},"end":{"line":340,"column":5}},"156":{"start":{"line":339,"column":6},"end":{"line":339,"column":null}},"157":{"start":{"line":341,"column":4},"end":{"line":341,"column":null}},"158":{"start":{"line":345,"column":4},"end":{"line":345,"column":null}},"159":{"start":{"line":345,"column":37},"end":{"line":345,"column":56}},"160":{"start":{"line":349,"column":4},"end":{"line":349,"column":null}},"161":{"start":{"line":353,"column":27},"end":{"line":353,"column":29}},"162":{"start":{"line":354,"column":4},"end":{"line":360,"column":null}},"163":{"start":{"line":355,"column":6},"end":{"line":359,"column":7}},"164":{"start":{"line":356,"column":8},"end":{"line":356,"column":null}},"165":{"start":{"line":358,"column":8},"end":{"line":358,"column":null}},"166":{"start":{"line":361,"column":4},"end":{"line":361,"column":null}},"167":{"start":{"line":365,"column":49},"end":{"line":365,"column":51}},"168":{"start":{"line":366,"column":4},"end":{"line":372,"column":null}},"169":{"start":{"line":367,"column":6},"end":{"line":371,"column":7}},"170":{"start":{"line":368,"column":8},"end":{"line":368,"column":null}},"171":{"start":{"line":370,"column":8},"end":{"line":370,"column":null}},"172":{"start":{"line":373,"column":4},"end":{"line":373,"column":null}},"173":{"start":{"line":377,"column":4},"end":{"line":383,"column":null}},"174":{"start":{"line":379,"column":21},"end":{"line":379,"column":32}},"175":{"start":{"line":380,"column":8},"end":{"line":380,"column":null}},"176":{"start":{"line":381,"column":8},"end":{"line":381,"column":null}},"177":{"start":{"line":387,"column":4},"end":{"line":387,"column":null}},"178":{"start":{"line":391,"column":4},"end":{"line":391,"column":null}},"179":{"start":{"line":395,"column":4},"end":{"line":405,"column":null}},"180":{"start":{"line":397,"column":25},"end":{"line":397,"column":42}},"181":{"start":{"line":398,"column":8},"end":{"line":400,"column":9}},"182":{"start":{"line":399,"column":10},"end":{"line":399,"column":null}},"183":{"start":{"line":401,"column":8},"end":{"line":401,"column":null}},"184":{"start":{"line":402,"column":8},"end":{"line":402,"column":null}},"185":{"start":{"line":409,"column":4},"end":{"line":409,"column":null}},"186":{"start":{"line":409,"column":37},"end":{"line":409,"column":93}},"187":{"start":{"line":413,"column":4},"end":{"line":413,"column":null}},"188":{"start":{"line":413,"column":30},"end":{"line":413,"column":43}},"189":{"start":{"line":417,"column":4},"end":{"line":417,"column":null}},"190":{"start":{"line":417,"column":36},"end":{"line":417,"column":53}},"191":{"start":{"line":421,"column":27},"end":{"line":421,"column":77}},"192":{"start":{"line":421,"column":55},"end":{"line":421,"column":76}},"193":{"start":{"line":422,"column":4},"end":{"line":422,"column":null}},"194":{"start":{"line":426,"column":27},"end":{"line":426,"column":77}},"195":{"start":{"line":426,"column":55},"end":{"line":426,"column":76}},"196":{"start":{"line":427,"column":4},"end":{"line":427,"column":null}},"197":{"start":{"line":431,"column":27},"end":{"line":431,"column":91}},"198":{"start":{"line":431,"column":55},"end":{"line":431,"column":90}},"199":{"start":{"line":432,"column":4},"end":{"line":432,"column":null}},"200":{"start":{"line":436,"column":4},"end":{"line":436,"column":null}},"201":{"start":{"line":440,"column":4},"end":{"line":440,"column":null}},"202":{"start":{"line":444,"column":4},"end":{"line":444,"column":null}},"203":{"start":{"line":444,"column":36},"end":{"line":444,"column":53}},"204":{"start":{"line":448,"column":4},"end":{"line":454,"column":null}},"205":{"start":{"line":450,"column":8},"end":{"line":450,"column":null}},"206":{"start":{"line":451,"column":8},"end":{"line":451,"column":null}},"207":{"start":{"line":458,"column":4},"end":{"line":458,"column":null}},"208":{"start":{"line":462,"column":4},"end":{"line":462,"column":null}},"209":{"start":{"line":466,"column":4},"end":{"line":466,"column":null}},"210":{"start":{"line":470,"column":4},"end":{"line":470,"column":null}},"211":{"start":{"line":474,"column":4},"end":{"line":474,"column":null}},"212":{"start":{"line":474,"column":47},"end":{"line":474,"column":62}},"213":{"start":{"line":478,"column":4},"end":{"line":480,"column":null}},"214":{"start":{"line":479,"column":31},"end":{"line":479,"column":89}},"215":{"start":{"line":484,"column":4},"end":{"line":494,"column":null}},"216":{"start":{"line":486,"column":25},"end":{"line":486,"column":42}},"217":{"start":{"line":487,"column":8},"end":{"line":489,"column":9}},"218":{"start":{"line":488,"column":10},"end":{"line":488,"column":null}},"219":{"start":{"line":490,"column":8},"end":{"line":490,"column":null}},"220":{"start":{"line":491,"column":8},"end":{"line":491,"column":null}},"221":{"start":{"line":498,"column":4},"end":{"line":504,"column":null}},"222":{"start":{"line":500,"column":8},"end":{"line":500,"column":null}},"223":{"start":{"line":501,"column":8},"end":{"line":501,"column":null}},"224":{"start":{"line":508,"column":4},"end":{"line":508,"column":null}},"225":{"start":{"line":512,"column":19},"end":{"line":512,"column":65}},"226":{"start":{"line":512,"column":59},"end":{"line":512,"column":64}},"227":{"start":{"line":513,"column":19},"end":{"line":513,"column":48}},"228":{"start":{"line":514,"column":4},"end":{"line":514,"column":null}},"229":{"start":{"line":518,"column":4},"end":{"line":518,"column":null}},"230":{"start":{"line":522,"column":4},"end":{"line":522,"column":null}},"231":{"start":{"line":526,"column":4},"end":{"line":526,"column":null}},"232":{"start":{"line":530,"column":19},"end":{"line":539,"column":null}},"233":{"start":{"line":532,"column":20},"end":{"line":532,"column":34}},"234":{"start":{"line":533,"column":8},"end":{"line":535,"column":9}},"235":{"start":{"line":534,"column":10},"end":{"line":534,"column":null}},"236":{"start":{"line":536,"column":8},"end":{"line":536,"column":null}},"237":{"start":{"line":537,"column":8},"end":{"line":537,"column":null}},"238":{"start":{"line":541,"column":16},"end":{"line":541,"column":50}},"239":{"start":{"line":542,"column":4},"end":{"line":542,"column":null}},"240":{"start":{"line":542,"column":52},"end":{"line":542,"column":71}},"241":{"start":{"line":546,"column":4},"end":{"line":546,"column":null}},"242":{"start":{"line":550,"column":4},"end":{"line":556,"column":null}},"243":{"start":{"line":552,"column":21},"end":{"line":552,"column":37}},"244":{"start":{"line":553,"column":8},"end":{"line":553,"column":null}},"245":{"start":{"line":553,"column":31},"end":{"line":553,"column":52}},"246":{"start":{"line":554,"column":8},"end":{"line":554,"column":null}},"247":{"start":{"line":560,"column":21},"end":{"line":560,"column":36}},"248":{"start":{"line":561,"column":4},"end":{"line":563,"column":5}},"249":{"start":{"line":562,"column":6},"end":{"line":562,"column":null}},"250":{"start":{"line":564,"column":4},"end":{"line":564,"column":null}},"251":{"start":{"line":568,"column":28},"end":{"line":577,"column":null}},"252":{"start":{"line":570,"column":8},"end":{"line":574,"column":9}},"253":{"start":{"line":571,"column":10},"end":{"line":571,"column":null}},"254":{"start":{"line":573,"column":10},"end":{"line":573,"column":null}},"255":{"start":{"line":575,"column":8},"end":{"line":575,"column":null}},"256":{"start":{"line":579,"column":4},"end":{"line":579,"column":null}},"257":{"start":{"line":583,"column":4},"end":{"line":583,"column":null}},"258":{"start":{"line":587,"column":4},"end":{"line":587,"column":null}},"259":{"start":{"line":587,"column":51},"end":{"line":587,"column":60}},"260":{"start":{"line":591,"column":4},"end":{"line":591,"column":null}},"261":{"start":{"line":595,"column":4},"end":{"line":595,"column":null}},"262":{"start":{"line":599,"column":4},"end":{"line":599,"column":null}},"263":{"start":{"line":599,"column":54},"end":{"line":599,"column":68}},"264":{"start":{"line":603,"column":4},"end":{"line":603,"column":null}},"265":{"start":{"line":604,"column":4},"end":{"line":604,"column":null}},"266":{"start":{"line":608,"column":4},"end":{"line":614,"column":null}},"267":{"start":{"line":610,"column":21},"end":{"line":610,"column":32}},"268":{"start":{"line":611,"column":8},"end":{"line":611,"column":null}},"269":{"start":{"line":612,"column":8},"end":{"line":612,"column":null}},"270":{"start":{"line":618,"column":4},"end":{"line":618,"column":null}},"271":{"start":{"line":622,"column":4},"end":{"line":622,"column":null}},"272":{"start":{"line":622,"column":72},"end":{"line":622,"column":81}},"273":{"start":{"line":626,"column":4},"end":{"line":626,"column":null}},"274":{"start":{"line":630,"column":4},"end":{"line":630,"column":null}},"275":{"start":{"line":630,"column":54},"end":{"line":630,"column":69}},"276":{"start":{"line":634,"column":4},"end":{"line":634,"column":null}},"277":{"start":{"line":634,"column":52},"end":{"line":634,"column":84}},"278":{"start":{"line":638,"column":4},"end":{"line":638,"column":null}},"279":{"start":{"line":638,"column":52},"end":{"line":638,"column":84}},"280":{"start":{"line":642,"column":4},"end":{"line":642,"column":null}},"281":{"start":{"line":646,"column":4},"end":{"line":646,"column":null}},"282":{"start":{"line":650,"column":4},"end":{"line":650,"column":null}},"283":{"start":{"line":650,"column":51},"end":{"line":650,"column":60}},"284":{"start":{"line":654,"column":4},"end":{"line":654,"column":null}},"285":{"start":{"line":658,"column":21},"end":{"line":658,"column":36}},"286":{"start":{"line":659,"column":4},"end":{"line":662,"column":5}},"287":{"start":{"line":659,"column":17},"end":{"line":659,"column":36}},"288":{"start":{"line":660,"column":16},"end":{"line":660,"column":51}},"289":{"start":{"line":661,"column":7},"end":{"line":661,"column":null}},"290":{"start":{"line":663,"column":4},"end":{"line":663,"column":null}},"291":{"start":{"line":667,"column":4},"end":{"line":667,"column":null}},"292":{"start":{"line":671,"column":4},"end":{"line":671,"column":null}},"293":{"start":{"line":675,"column":4},"end":{"line":677,"column":null}},"294":{"start":{"line":676,"column":61},"end":{"line":676,"column":83}},"295":{"start":{"line":681,"column":4},"end":{"line":681,"column":null}},"296":{"start":{"line":685,"column":26},"end":{"line":685,"column":28}},"297":{"start":{"line":686,"column":4},"end":{"line":688,"column":5}},"298":{"start":{"line":686,"column":17},"end":{"line":686,"column":18}},"299":{"start":{"line":687,"column":6},"end":{"line":687,"column":null}},"300":{"start":{"line":689,"column":4},"end":{"line":689,"column":null}},"301":{"start":{"line":693,"column":4},"end":{"line":695,"column":5}},"302":{"start":{"line":694,"column":6},"end":{"line":694,"column":null}},"303":{"start":{"line":696,"column":4},"end":{"line":696,"column":null}},"304":{"start":{"line":700,"column":4},"end":{"line":700,"column":null}},"305":{"start":{"line":704,"column":4},"end":{"line":704,"column":null}},"306":{"start":{"line":708,"column":4},"end":{"line":708,"column":null}},"307":{"start":{"line":708,"column":58},"end":{"line":708,"column":82}},"308":{"start":{"line":712,"column":4},"end":{"line":712,"column":null}},"309":{"start":{"line":712,"column":57},"end":{"line":712,"column":72}},"310":{"start":{"line":716,"column":4},"end":{"line":716,"column":null}},"311":{"start":{"line":720,"column":4},"end":{"line":720,"column":null}},"312":{"start":{"line":724,"column":4},"end":{"line":724,"column":null}},"313":{"start":{"line":728,"column":17},"end":{"line":728,"column":32}},"314":{"start":{"line":729,"column":4},"end":{"line":729,"column":null}},"315":{"start":{"line":730,"column":4},"end":{"line":730,"column":null}},"316":{"start":{"line":734,"column":26},"end":{"line":734,"column":28}},"317":{"start":{"line":735,"column":4},"end":{"line":737,"column":5}},"318":{"start":{"line":735,"column":17},"end":{"line":735,"column":18}},"319":{"start":{"line":736,"column":6},"end":{"line":736,"column":null}},"320":{"start":{"line":738,"column":4},"end":{"line":738,"column":null}},"321":{"start":{"line":742,"column":26},"end":{"line":742,"column":28}},"322":{"start":{"line":743,"column":4},"end":{"line":745,"column":5}},"323":{"start":{"line":743,"column":17},"end":{"line":743,"column":18}},"324":{"start":{"line":744,"column":6},"end":{"line":744,"column":null}},"325":{"start":{"line":746,"column":4},"end":{"line":746,"column":null}},"326":{"start":{"line":750,"column":4},"end":{"line":750,"column":null}},"327":{"start":{"line":750,"column":44},"end":{"line":750,"column":64}},"328":{"start":{"line":754,"column":4},"end":{"line":754,"column":null}},"329":{"start":{"line":758,"column":4},"end":{"line":758,"column":null}},"330":{"start":{"line":762,"column":4},"end":{"line":767,"column":null}},"331":{"start":{"line":765,"column":46},"end":{"line":765,"column":68}},"332":{"start":{"line":771,"column":4},"end":{"line":771,"column":null}},"333":{"start":{"line":772,"column":4},"end":{"line":772,"column":null}},"334":{"start":{"line":776,"column":4},"end":{"line":776,"column":null}},"335":{"start":{"line":776,"column":54},"end":{"line":776,"column":64}},"336":{"start":{"line":780,"column":4},"end":{"line":780,"column":null}},"337":{"start":{"line":784,"column":4},"end":{"line":784,"column":null}},"338":{"start":{"line":788,"column":4},"end":{"line":788,"column":null}},"339":{"start":{"line":792,"column":4},"end":{"line":792,"column":null}},"340":{"start":{"line":796,"column":23},"end":{"line":796,"column":48}},"341":{"start":{"line":797,"column":4},"end":{"line":797,"column":null}},"342":{"start":{"line":801,"column":24},"end":{"line":805,"column":39}},"343":{"start":{"line":803,"column":31},"end":{"line":803,"column":94}},"344":{"start":{"line":803,"column":53},"end":{"line":803,"column":83}},"345":{"start":{"line":806,"column":4},"end":{"line":806,"column":null}},"346":{"start":{"line":810,"column":4},"end":{"line":810,"column":null}},"347":{"start":{"line":814,"column":4},"end":{"line":816,"column":5}},"348":{"start":{"line":815,"column":6},"end":{"line":815,"column":null}},"349":{"start":{"line":817,"column":4},"end":{"line":817,"column":null}},"350":{"start":{"line":821,"column":4},"end":{"line":823,"column":5}},"351":{"start":{"line":822,"column":6},"end":{"line":822,"column":null}},"352":{"start":{"line":824,"column":4},"end":{"line":824,"column":null}},"353":{"start":{"line":828,"column":4},"end":{"line":830,"column":5}},"354":{"start":{"line":829,"column":6},"end":{"line":829,"column":null}},"355":{"start":{"line":831,"column":4},"end":{"line":831,"column":null}},"356":{"start":{"line":835,"column":4},"end":{"line":835,"column":null}},"357":{"start":{"line":839,"column":4},"end":{"line":839,"column":null}},"358":{"start":{"line":843,"column":4},"end":{"line":843,"column":null}},"359":{"start":{"line":847,"column":4},"end":{"line":849,"column":5}},"360":{"start":{"line":848,"column":6},"end":{"line":848,"column":null}},"361":{"start":{"line":850,"column":4},"end":{"line":850,"column":null}},"362":{"start":{"line":854,"column":4},"end":{"line":856,"column":5}},"363":{"start":{"line":855,"column":6},"end":{"line":855,"column":null}},"364":{"start":{"line":857,"column":4},"end":{"line":857,"column":null}},"365":{"start":{"line":861,"column":4},"end":{"line":863,"column":5}},"366":{"start":{"line":862,"column":6},"end":{"line":862,"column":null}},"367":{"start":{"line":864,"column":4},"end":{"line":864,"column":null}},"368":{"start":{"line":868,"column":4},"end":{"line":868,"column":null}},"369":{"start":{"line":868,"column":54},"end":{"line":868,"column":73}},"370":{"start":{"line":872,"column":4},"end":{"line":872,"column":null}},"371":{"start":{"line":872,"column":54},"end":{"line":872,"column":73}},"372":{"start":{"line":876,"column":4},"end":{"line":876,"column":null}},"373":{"start":{"line":876,"column":54},"end":{"line":876,"column":90}},"374":{"start":{"line":880,"column":4},"end":{"line":880,"column":null}},"375":{"start":{"line":880,"column":54},"end":{"line":880,"column":80}},"376":{"start":{"line":884,"column":4},"end":{"line":884,"column":null}},"377":{"start":{"line":884,"column":54},"end":{"line":884,"column":80}},"378":{"start":{"line":888,"column":4},"end":{"line":888,"column":null}},"379":{"start":{"line":888,"column":54},"end":{"line":888,"column":79}},"380":{"start":{"line":892,"column":4},"end":{"line":892,"column":null}},"381":{"start":{"line":892,"column":54},"end":{"line":892,"column":88}},"382":{"start":{"line":896,"column":4},"end":{"line":896,"column":null}},"383":{"start":{"line":896,"column":54},"end":{"line":896,"column":81}},"384":{"start":{"line":900,"column":4},"end":{"line":900,"column":null}},"385":{"start":{"line":900,"column":54},"end":{"line":900,"column":81}},"386":{"start":{"line":904,"column":4},"end":{"line":906,"column":null}},"387":{"start":{"line":905,"column":34},"end":{"line":905,"column":79}},"388":{"start":{"line":910,"column":4},"end":{"line":912,"column":null}},"389":{"start":{"line":911,"column":34},"end":{"line":911,"column":79}},"390":{"start":{"line":916,"column":4},"end":{"line":916,"column":null}},"391":{"start":{"line":920,"column":29},"end":{"line":920,"column":31}},"392":{"start":{"line":921,"column":4},"end":{"line":923,"column":5}},"393":{"start":{"line":921,"column":17},"end":{"line":921,"column":18}},"394":{"start":{"line":922,"column":6},"end":{"line":922,"column":null}},"395":{"start":{"line":924,"column":4},"end":{"line":924,"column":null}},"396":{"start":{"line":3,"column":0},"end":{"line":3,"column":13}},"397":{"start":{"line":929,"column":2},"end":{"line":929,"column":null}},"398":{"start":{"line":932,"column":9},"end":{"line":932,"column":16}}},"fnMap":{"0":{"name":"(anonymous_0)","decl":{"start":{"line":6,"column":2},"end":{"line":6,"column":14}},"loc":{"start":{"line":6,"column":29},"end":{"line":8,"column":3}}},"1":{"name":"(anonymous_1)","decl":{"start":{"line":10,"column":2},"end":{"line":10,"column":5}},"loc":{"start":{"line":10,"column":30},"end":{"line":15,"column":3}}},"2":{"name":"(anonymous_2)","decl":{"start":{"line":12,"column":31},"end":{"line":12,"column":32}},"loc":{"start":{"line":12,"column":48},"end":{"line":12,"column":70}}},"3":{"name":"(anonymous_3)","decl":{"start":{"line":17,"column":2},"end":{"line":17,"column":7}},"loc":{"start":{"line":17,"column":64},"end":{"line":33,"column":3}}},"4":{"name":"(anonymous_4)","decl":{"start":{"line":27,"column":41},"end":{"line":27,"column":42}},"loc":{"start":{"line":27,"column":49},"end":{"line":27,"column":80}}},"5":{"name":"(anonymous_5)","decl":{"start":{"line":35,"column":2},"end":{"line":35,"column":9}},"loc":{"start":{"line":35,"column":40},"end":{"line":44,"column":3}}},"6":{"name":"(anonymous_6)","decl":{"start":{"line":43,"column":20},"end":{"line":43,"column":21}},"loc":{"start":{"line":43,"column":30},"end":{"line":43,"column":42}}},"7":{"name":"(anonymous_7)","decl":{"start":{"line":46,"column":2},"end":{"line":46,"column":5}},"loc":{"start":{"line":46,"column":36},"end":{"line":48,"column":3}}},"8":{"name":"(anonymous_8)","decl":{"start":{"line":50,"column":2},"end":{"line":50,"column":8}},"loc":{"start":{"line":50,"column":65},"end":{"line":66,"column":3}}},"9":{"name":"(anonymous_9)","decl":{"start":{"line":60,"column":41},"end":{"line":60,"column":42}},"loc":{"start":{"line":60,"column":49},"end":{"line":60,"column":80}}},"10":{"name":"(anonymous_10)","decl":{"start":{"line":68,"column":2},"end":{"line":68,"column":7}},"loc":{"start":{"line":68,"column":20},"end":{"line":76,"column":3}}},"11":{"name":"(anonymous_11)","decl":{"start":{"line":78,"column":2},"end":{"line":78,"column":12}},"loc":{"start":{"line":78,"column":46},"end":{"line":98,"column":3}}},"12":{"name":"(anonymous_12)","decl":{"start":{"line":100,"column":2},"end":{"line":100,"column":10}},"loc":{"start":{"line":100,"column":10},"end":{"line":110,"column":3}}},"13":{"name":"(anonymous_13)","decl":{"start":{"line":102,"column":23},"end":{"line":102,"column":24}},"loc":{"start":{"line":102,"column":32},"end":{"line":108,"column":5}}},"14":{"name":"(anonymous_14)","decl":{"start":{"line":115,"column":2},"end":{"line":115,"column":9}},"loc":{"start":{"line":115,"column":9},"end":{"line":117,"column":3}}},"15":{"name":"(anonymous_15)","decl":{"start":{"line":119,"column":2},"end":{"line":119,"column":9}},"loc":{"start":{"line":119,"column":24},"end":{"line":129,"column":3}}},"16":{"name":"(anonymous_16)","decl":{"start":{"line":131,"column":2},"end":{"line":131,"column":8}},"loc":{"start":{"line":131,"column":38},"end":{"line":134,"column":3}}},"17":{"name":"(anonymous_17)","decl":{"start":{"line":136,"column":2},"end":{"line":136,"column":10}},"loc":{"start":{"line":136,"column":55},"end":{"line":151,"column":3}}},"18":{"name":"(anonymous_18)","decl":{"start":{"line":142,"column":29},"end":{"line":142,"column":30}},"loc":{"start":{"line":143,"column":8},"end":{"line":145,"column":null}}},"19":{"name":"(anonymous_19)","decl":{"start":{"line":144,"column":10},"end":{"line":144,"column":11}},"loc":{"start":{"line":145,"column":13},"end":{"line":145,"column":94}}},"20":{"name":"(anonymous_20)","decl":{"start":{"line":153,"column":2},"end":{"line":153,"column":17}},"loc":{"start":{"line":153,"column":49},"end":{"line":158,"column":3}}},"21":{"name":"(anonymous_21)","decl":{"start":{"line":160,"column":2},"end":{"line":160,"column":16}},"loc":{"start":{"line":160,"column":25},"end":{"line":162,"column":3}}},"22":{"name":"(anonymous_22)","decl":{"start":{"line":164,"column":2},"end":{"line":164,"column":7}},"loc":{"start":{"line":164,"column":7},"end":{"line":166,"column":3}}},"23":{"name":"(anonymous_23)","decl":{"start":{"line":168,"column":2},"end":{"line":168,"column":9}},"loc":{"start":{"line":168,"column":31},"end":{"line":177,"column":3}}},"24":{"name":"(anonymous_24)","decl":{"start":{"line":169,"column":29},"end":{"line":169,"column":30}},"loc":{"start":{"line":169,"column":70},"end":{"line":176,"column":5}}},"25":{"name":"(anonymous_25)","decl":{"start":{"line":189,"column":2},"end":{"line":189,"column":11}},"loc":{"start":{"line":189,"column":31},"end":{"line":208,"column":3}}},"26":{"name":"(anonymous_26)","decl":{"start":{"line":192,"column":19},"end":{"line":192,"column":20}},"loc":{"start":{"line":192,"column":57},"end":{"line":201,"column":5}}},"27":{"name":"(anonymous_27)","decl":{"start":{"line":210,"column":2},"end":{"line":210,"column":4}},"loc":{"start":{"line":210,"column":4},"end":{"line":216,"column":3}}},"28":{"name":"(anonymous_28)","decl":{"start":{"line":227,"column":2},"end":{"line":227,"column":9}},"loc":{"start":{"line":227,"column":32},"end":{"line":250,"column":3}}},"29":{"name":"(anonymous_29)","decl":{"start":{"line":252,"column":2},"end":{"line":252,"column":6}},"loc":{"start":{"line":252,"column":33},"end":{"line":256,"column":3}}},"30":{"name":"(anonymous_30)","decl":{"start":{"line":254,"column":42},"end":{"line":254,"column":46}},"loc":{"start":{"line":254,"column":50},"end":{"line":254,"column":110}}},"31":{"name":"(anonymous_31)","decl":{"start":{"line":254,"column":67},"end":{"line":254,"column":76}},"loc":{"start":{"line":254,"column":80},"end":{"line":254,"column":109}}},"32":{"name":"(anonymous_32)","decl":{"start":{"line":258,"column":2},"end":{"line":258,"column":11}},"loc":{"start":{"line":258,"column":23},"end":{"line":261,"column":3}}},"33":{"name":"(anonymous_33)","decl":{"start":{"line":259,"column":40},"end":{"line":259,"column":41}},"loc":{"start":{"line":259,"column":50},"end":{"line":259,"column":72}}},"34":{"name":"(anonymous_34)","decl":{"start":{"line":263,"column":2},"end":{"line":263,"column":16}},"loc":{"start":{"line":263,"column":60},"end":{"line":268,"column":3}}},"35":{"name":"(anonymous_35)","decl":{"start":{"line":265,"column":6},"end":{"line":265,"column":7}},"loc":{"start":{"line":265,"column":16},"end":{"line":265,"column":75}}},"36":{"name":"(anonymous_36)","decl":{"start":{"line":265,"column":29},"end":{"line":265,"column":30}},"loc":{"start":{"line":265,"column":40},"end":{"line":265,"column":74}}},"37":{"name":"(anonymous_37)","decl":{"start":{"line":270,"column":2},"end":{"line":270,"column":10}},"loc":{"start":{"line":270,"column":41},"end":{"line":273,"column":3}}},"38":{"name":"(anonymous_38)","decl":{"start":{"line":271,"column":40},"end":{"line":271,"column":41}},"loc":{"start":{"line":271,"column":50},"end":{"line":271,"column":88}}},"39":{"name":"(anonymous_39)","decl":{"start":{"line":275,"column":2},"end":{"line":275,"column":15}},"loc":{"start":{"line":275,"column":46},"end":{"line":277,"column":3}}},"40":{"name":"(anonymous_40)","decl":{"start":{"line":279,"column":2},"end":{"line":279,"column":5}},"loc":{"start":{"line":279,"column":5},"end":{"line":287,"column":3}}},"41":{"name":"(anonymous_41)","decl":{"start":{"line":281,"column":23},"end":{"line":281,"column":24}},"loc":{"start":{"line":281,"column":32},"end":{"line":285,"column":5}}},"42":{"name":"(anonymous_42)","decl":{"start":{"line":289,"column":2},"end":{"line":289,"column":6}},"loc":{"start":{"line":289,"column":6},"end":{"line":293,"column":3}}},"43":{"name":"(anonymous_43)","decl":{"start":{"line":295,"column":2},"end":{"line":295,"column":12}},"loc":{"start":{"line":295,"column":12},"end":{"line":297,"column":3}}},"44":{"name":"(anonymous_44)","decl":{"start":{"line":296,"column":23},"end":{"line":296,"column":24}},"loc":{"start":{"line":296,"column":47},"end":{"line":296,"column":76}}},"45":{"name":"(anonymous_45)","decl":{"start":{"line":299,"column":2},"end":{"line":299,"column":18}},"loc":{"start":{"line":299,"column":18},"end":{"line":301,"column":3}}},"46":{"name":"(anonymous_46)","decl":{"start":{"line":300,"column":23},"end":{"line":300,"column":24}},"loc":{"start":{"line":300,"column":47},"end":{"line":300,"column":76}}},"47":{"name":"(anonymous_47)","decl":{"start":{"line":303,"column":2},"end":{"line":303,"column":6}},"loc":{"start":{"line":303,"column":49},"end":{"line":305,"column":3}}},"48":{"name":"(anonymous_48)","decl":{"start":{"line":307,"column":2},"end":{"line":307,"column":12}},"loc":{"start":{"line":307,"column":77},"end":{"line":309,"column":3}}},"49":{"name":"(anonymous_49)","decl":{"start":{"line":308,"column":23},"end":{"line":308,"column":24}},"loc":{"start":{"line":308,"column":33},"end":{"line":308,"column":91}}},"50":{"name":"(anonymous_50)","decl":{"start":{"line":311,"column":2},"end":{"line":311,"column":8}},"loc":{"start":{"line":311,"column":39},"end":{"line":313,"column":3}}},"51":{"name":"(anonymous_51)","decl":{"start":{"line":315,"column":2},"end":{"line":315,"column":7}},"loc":{"start":{"line":315,"column":38},"end":{"line":317,"column":3}}},"52":{"name":"(anonymous_52)","decl":{"start":{"line":319,"column":2},"end":{"line":319,"column":8}},"loc":{"start":{"line":319,"column":37},"end":{"line":327,"column":3}}},"53":{"name":"(anonymous_53)","decl":{"start":{"line":321,"column":21},"end":{"line":321,"column":22}},"loc":{"start":{"line":321,"column":30},"end":{"line":325,"column":7}}},"54":{"name":"(anonymous_54)","decl":{"start":{"line":323,"column":21},"end":{"line":323,"column":22}},"loc":{"start":{"line":323,"column":30},"end":{"line":323,"column":46}}},"55":{"name":"(anonymous_55)","decl":{"start":{"line":329,"column":2},"end":{"line":329,"column":8}},"loc":{"start":{"line":329,"column":66},"end":{"line":331,"column":3}}},"56":{"name":"(anonymous_56)","decl":{"start":{"line":333,"column":2},"end":{"line":333,"column":7}},"loc":{"start":{"line":333,"column":7},"end":{"line":335,"column":3}}},"57":{"name":"(anonymous_57)","decl":{"start":{"line":337,"column":2},"end":{"line":337,"column":13}},"loc":{"start":{"line":337,"column":13},"end":{"line":342,"column":3}}},"58":{"name":"(anonymous_58)","decl":{"start":{"line":344,"column":2},"end":{"line":344,"column":12}},"loc":{"start":{"line":344,"column":51},"end":{"line":346,"column":3}}},"59":{"name":"(anonymous_59)","decl":{"start":{"line":345,"column":27},"end":{"line":345,"column":28}},"loc":{"start":{"line":345,"column":37},"end":{"line":345,"column":56}}},"60":{"name":"(anonymous_60)","decl":{"start":{"line":348,"column":2},"end":{"line":348,"column":9}},"loc":{"start":{"line":348,"column":39},"end":{"line":350,"column":3}}},"61":{"name":"(anonymous_61)","decl":{"start":{"line":352,"column":2},"end":{"line":352,"column":9}},"loc":{"start":{"line":352,"column":9},"end":{"line":362,"column":3}}},"62":{"name":"(anonymous_62)","decl":{"start":{"line":354,"column":23},"end":{"line":354,"column":24}},"loc":{"start":{"line":354,"column":32},"end":{"line":360,"column":5}}},"63":{"name":"(anonymous_63)","decl":{"start":{"line":364,"column":2},"end":{"line":364,"column":6}},"loc":{"start":{"line":364,"column":6},"end":{"line":374,"column":3}}},"64":{"name":"(anonymous_64)","decl":{"start":{"line":366,"column":23},"end":{"line":366,"column":24}},"loc":{"start":{"line":366,"column":40},"end":{"line":372,"column":5}}},"65":{"name":"(anonymous_65)","decl":{"start":{"line":376,"column":2},"end":{"line":376,"column":8}},"loc":{"start":{"line":376,"column":34},"end":{"line":384,"column":3}}},"66":{"name":"(anonymous_66)","decl":{"start":{"line":378,"column":21},"end":{"line":378,"column":22}},"loc":{"start":{"line":378,"column":30},"end":{"line":382,"column":7}}},"67":{"name":"(anonymous_67)","decl":{"start":{"line":386,"column":2},"end":{"line":386,"column":9}},"loc":{"start":{"line":386,"column":39},"end":{"line":388,"column":3}}},"68":{"name":"(anonymous_68)","decl":{"start":{"line":390,"column":2},"end":{"line":390,"column":5}},"loc":{"start":{"line":390,"column":19},"end":{"line":392,"column":3}}},"69":{"name":"(anonymous_69)","decl":{"start":{"line":394,"column":2},"end":{"line":394,"column":9}},"loc":{"start":{"line":394,"column":35},"end":{"line":406,"column":3}}},"70":{"name":"(anonymous_70)","decl":{"start":{"line":396,"column":6},"end":{"line":396,"column":7}},"loc":{"start":{"line":396,"column":23},"end":{"line":403,"column":7}}},"71":{"name":"(anonymous_71)","decl":{"start":{"line":408,"column":2},"end":{"line":408,"column":5}},"loc":{"start":{"line":408,"column":31},"end":{"line":410,"column":3}}},"72":{"name":"(anonymous_72)","decl":{"start":{"line":409,"column":27},"end":{"line":409,"column":28}},"loc":{"start":{"line":409,"column":37},"end":{"line":409,"column":93}}},"73":{"name":"(anonymous_73)","decl":{"start":{"line":412,"column":2},"end":{"line":412,"column":8}},"loc":{"start":{"line":412,"column":37},"end":{"line":414,"column":3}}},"74":{"name":"(anonymous_74)","decl":{"start":{"line":413,"column":21},"end":{"line":413,"column":22}},"loc":{"start":{"line":413,"column":30},"end":{"line":413,"column":43}}},"75":{"name":"(anonymous_75)","decl":{"start":{"line":416,"column":2},"end":{"line":416,"column":9}},"loc":{"start":{"line":416,"column":54},"end":{"line":418,"column":3}}},"76":{"name":"(anonymous_76)","decl":{"start":{"line":417,"column":26},"end":{"line":417,"column":27}},"loc":{"start":{"line":417,"column":36},"end":{"line":417,"column":53}}},"77":{"name":"(anonymous_77)","decl":{"start":{"line":420,"column":2},"end":{"line":420,"column":11}},"loc":{"start":{"line":420,"column":23},"end":{"line":423,"column":3}}},"78":{"name":"(anonymous_78)","decl":{"start":{"line":421,"column":45},"end":{"line":421,"column":46}},"loc":{"start":{"line":421,"column":55},"end":{"line":421,"column":76}}},"79":{"name":"(anonymous_79)","decl":{"start":{"line":425,"column":2},"end":{"line":425,"column":16}},"loc":{"start":{"line":425,"column":28},"end":{"line":428,"column":3}}},"80":{"name":"(anonymous_80)","decl":{"start":{"line":426,"column":45},"end":{"line":426,"column":46}},"loc":{"start":{"line":426,"column":55},"end":{"line":426,"column":76}}},"81":{"name":"(anonymous_81)","decl":{"start":{"line":430,"column":2},"end":{"line":430,"column":17}},"loc":{"start":{"line":430,"column":46},"end":{"line":433,"column":3}}},"82":{"name":"(anonymous_82)","decl":{"start":{"line":431,"column":45},"end":{"line":431,"column":46}},"loc":{"start":{"line":431,"column":55},"end":{"line":431,"column":90}}},"83":{"name":"(anonymous_83)","decl":{"start":{"line":435,"column":2},"end":{"line":435,"column":9}},"loc":{"start":{"line":435,"column":9},"end":{"line":437,"column":3}}},"84":{"name":"(anonymous_84)","decl":{"start":{"line":439,"column":2},"end":{"line":439,"column":12}},"loc":{"start":{"line":439,"column":12},"end":{"line":441,"column":3}}},"85":{"name":"(anonymous_85)","decl":{"start":{"line":443,"column":2},"end":{"line":443,"column":6}},"loc":{"start":{"line":443,"column":51},"end":{"line":445,"column":3}}},"86":{"name":"(anonymous_86)","decl":{"start":{"line":444,"column":26},"end":{"line":444,"column":27}},"loc":{"start":{"line":444,"column":36},"end":{"line":444,"column":53}}},"87":{"name":"(anonymous_87)","decl":{"start":{"line":447,"column":2},"end":{"line":447,"column":7}},"loc":{"start":{"line":447,"column":33},"end":{"line":455,"column":3}}},"88":{"name":"(anonymous_88)","decl":{"start":{"line":449,"column":6},"end":{"line":449,"column":7}},"loc":{"start":{"line":449,"column":23},"end":{"line":452,"column":7}}},"89":{"name":"(anonymous_89)","decl":{"start":{"line":457,"column":2},"end":{"line":457,"column":6}},"loc":{"start":{"line":457,"column":6},"end":{"line":459,"column":3}}},"90":{"name":"(anonymous_90)","decl":{"start":{"line":461,"column":2},"end":{"line":461,"column":6}},"loc":{"start":{"line":461,"column":6},"end":{"line":463,"column":3}}},"91":{"name":"(anonymous_91)","decl":{"start":{"line":465,"column":2},"end":{"line":465,"column":6}},"loc":{"start":{"line":465,"column":34},"end":{"line":467,"column":3}}},"92":{"name":"(anonymous_92)","decl":{"start":{"line":469,"column":2},"end":{"line":469,"column":5}},"loc":{"start":{"line":469,"column":33},"end":{"line":471,"column":3}}},"93":{"name":"(anonymous_93)","decl":{"start":{"line":473,"column":2},"end":{"line":473,"column":9}},"loc":{"start":{"line":473,"column":35},"end":{"line":475,"column":3}}},"94":{"name":"(anonymous_94)","decl":{"start":{"line":474,"column":41},"end":{"line":474,"column":44}},"loc":{"start":{"line":474,"column":47},"end":{"line":474,"column":62}}},"95":{"name":"(anonymous_95)","decl":{"start":{"line":477,"column":2},"end":{"line":477,"column":11}},"loc":{"start":{"line":477,"column":76},"end":{"line":481,"column":3}}},"96":{"name":"(anonymous_96)","decl":{"start":{"line":479,"column":21},"end":{"line":479,"column":22}},"loc":{"start":{"line":479,"column":31},"end":{"line":479,"column":89}}},"97":{"name":"(anonymous_97)","decl":{"start":{"line":483,"column":2},"end":{"line":483,"column":13}},"loc":{"start":{"line":483,"column":39},"end":{"line":495,"column":3}}},"98":{"name":"(anonymous_98)","decl":{"start":{"line":485,"column":6},"end":{"line":485,"column":7}},"loc":{"start":{"line":485,"column":23},"end":{"line":492,"column":7}}},"99":{"name":"(anonymous_99)","decl":{"start":{"line":497,"column":2},"end":{"line":497,"column":13}},"loc":{"start":{"line":497,"column":68},"end":{"line":505,"column":3}}},"100":{"name":"(anonymous_100)","decl":{"start":{"line":499,"column":6},"end":{"line":499,"column":7}},"loc":{"start":{"line":499,"column":23},"end":{"line":502,"column":7}}},"101":{"name":"(anonymous_101)","decl":{"start":{"line":507,"column":2},"end":{"line":507,"column":5}},"loc":{"start":{"line":507,"column":35},"end":{"line":509,"column":3}}},"102":{"name":"(anonymous_102)","decl":{"start":{"line":511,"column":2},"end":{"line":511,"column":8}},"loc":{"start":{"line":511,"column":38},"end":{"line":515,"column":3}}},"103":{"name":"(anonymous_103)","decl":{"start":{"line":512,"column":49},"end":{"line":512,"column":50}},"loc":{"start":{"line":512,"column":59},"end":{"line":512,"column":64}}},"104":{"name":"(anonymous_104)","decl":{"start":{"line":517,"column":2},"end":{"line":517,"column":7}},"loc":{"start":{"line":517,"column":22},"end":{"line":519,"column":3}}},"105":{"name":"(anonymous_105)","decl":{"start":{"line":521,"column":2},"end":{"line":521,"column":16}},"loc":{"start":{"line":521,"column":31},"end":{"line":523,"column":3}}},"106":{"name":"(anonymous_106)","decl":{"start":{"line":525,"column":2},"end":{"line":525,"column":5}},"loc":{"start":{"line":525,"column":35},"end":{"line":527,"column":3}}},"107":{"name":"(anonymous_107)","decl":{"start":{"line":529,"column":2},"end":{"line":529,"column":6}},"loc":{"start":{"line":529,"column":36},"end":{"line":543,"column":3}}},"108":{"name":"(anonymous_108)","decl":{"start":{"line":531,"column":6},"end":{"line":531,"column":7}},"loc":{"start":{"line":531,"column":23},"end":{"line":538,"column":7}}},"109":{"name":"(anonymous_109)","decl":{"start":{"line":542,"column":43},"end":{"line":542,"column":44}},"loc":{"start":{"line":542,"column":52},"end":{"line":542,"column":71}}},"110":{"name":"(anonymous_110)","decl":{"start":{"line":545,"column":2},"end":{"line":545,"column":5}},"loc":{"start":{"line":545,"column":15},"end":{"line":547,"column":3}}},"111":{"name":"(anonymous_111)","decl":{"start":{"line":549,"column":2},"end":{"line":549,"column":6}},"loc":{"start":{"line":549,"column":35},"end":{"line":557,"column":3}}},"112":{"name":"(anonymous_112)","decl":{"start":{"line":551,"column":21},"end":{"line":551,"column":22}},"loc":{"start":{"line":551,"column":30},"end":{"line":555,"column":7}}},"113":{"name":"(anonymous_113)","decl":{"start":{"line":553,"column":21},"end":{"line":553,"column":22}},"loc":{"start":{"line":553,"column":31},"end":{"line":553,"column":52}}},"114":{"name":"(anonymous_114)","decl":{"start":{"line":559,"column":2},"end":{"line":559,"column":5}},"loc":{"start":{"line":559,"column":28},"end":{"line":565,"column":3}}},"115":{"name":"(anonymous_115)","decl":{"start":{"line":567,"column":2},"end":{"line":567,"column":11}},"loc":{"start":{"line":567,"column":42},"end":{"line":580,"column":3}}},"116":{"name":"(anonymous_116)","decl":{"start":{"line":569,"column":6},"end":{"line":569,"column":7}},"loc":{"start":{"line":569,"column":32},"end":{"line":576,"column":7}}},"117":{"name":"(anonymous_117)","decl":{"start":{"line":582,"column":2},"end":{"line":582,"column":12}},"loc":{"start":{"line":582,"column":42},"end":{"line":584,"column":3}}},"118":{"name":"(anonymous_118)","decl":{"start":{"line":586,"column":2},"end":{"line":586,"column":7}},"loc":{"start":{"line":586,"column":33},"end":{"line":588,"column":3}}},"119":{"name":"(anonymous_119)","decl":{"start":{"line":587,"column":41},"end":{"line":587,"column":42}},"loc":{"start":{"line":587,"column":51},"end":{"line":587,"column":60}}},"120":{"name":"(anonymous_120)","decl":{"start":{"line":590,"column":2},"end":{"line":590,"column":5}},"loc":{"start":{"line":590,"column":5},"end":{"line":592,"column":3}}},"121":{"name":"(anonymous_121)","decl":{"start":{"line":594,"column":2},"end":{"line":594,"column":9}},"loc":{"start":{"line":594,"column":18},"end":{"line":596,"column":3}}},"122":{"name":"(anonymous_122)","decl":{"start":{"line":598,"column":2},"end":{"line":598,"column":6}},"loc":{"start":{"line":598,"column":15},"end":{"line":600,"column":3}}},"123":{"name":"(anonymous_123)","decl":{"start":{"line":599,"column":44},"end":{"line":599,"column":45}},"loc":{"start":{"line":599,"column":54},"end":{"line":599,"column":68}}},"124":{"name":"(anonymous_124)","decl":{"start":{"line":602,"column":2},"end":{"line":602,"column":6}},"loc":{"start":{"line":602,"column":15},"end":{"line":605,"column":3}}},"125":{"name":"(anonymous_125)","decl":{"start":{"line":607,"column":2},"end":{"line":607,"column":5}},"loc":{"start":{"line":607,"column":57},"end":{"line":615,"column":3}}},"126":{"name":"(anonymous_126)","decl":{"start":{"line":609,"column":21},"end":{"line":609,"column":22}},"loc":{"start":{"line":609,"column":30},"end":{"line":613,"column":7}}},"127":{"name":"(anonymous_127)","decl":{"start":{"line":617,"column":2},"end":{"line":617,"column":8}},"loc":{"start":{"line":617,"column":8},"end":{"line":619,"column":3}}},"128":{"name":"(anonymous_128)","decl":{"start":{"line":621,"column":2},"end":{"line":621,"column":7}},"loc":{"start":{"line":621,"column":34},"end":{"line":623,"column":3}}},"129":{"name":"(anonymous_129)","decl":{"start":{"line":622,"column":65},"end":{"line":622,"column":66}},"loc":{"start":{"line":622,"column":72},"end":{"line":622,"column":81}}},"130":{"name":"(anonymous_130)","decl":{"start":{"line":625,"column":2},"end":{"line":625,"column":8}},"loc":{"start":{"line":625,"column":69},"end":{"line":627,"column":3}}},"131":{"name":"(anonymous_131)","decl":{"start":{"line":629,"column":2},"end":{"line":629,"column":8}},"loc":{"start":{"line":629,"column":39},"end":{"line":631,"column":3}}},"132":{"name":"(anonymous_132)","decl":{"start":{"line":630,"column":44},"end":{"line":630,"column":45}},"loc":{"start":{"line":630,"column":54},"end":{"line":630,"column":69}}},"133":{"name":"(anonymous_133)","decl":{"start":{"line":633,"column":2},"end":{"line":633,"column":9}},"loc":{"start":{"line":633,"column":31},"end":{"line":635,"column":3}}},"134":{"name":"(anonymous_134)","decl":{"start":{"line":634,"column":41},"end":{"line":634,"column":42}},"loc":{"start":{"line":634,"column":52},"end":{"line":634,"column":84}}},"135":{"name":"(anonymous_135)","decl":{"start":{"line":637,"column":2},"end":{"line":637,"column":18}},"loc":{"start":{"line":637,"column":40},"end":{"line":639,"column":3}}},"136":{"name":"(anonymous_136)","decl":{"start":{"line":638,"column":41},"end":{"line":638,"column":42}},"loc":{"start":{"line":638,"column":52},"end":{"line":638,"column":84}}},"137":{"name":"(anonymous_137)","decl":{"start":{"line":641,"column":2},"end":{"line":641,"column":9}},"loc":{"start":{"line":641,"column":9},"end":{"line":643,"column":3}}},"138":{"name":"(anonymous_138)","decl":{"start":{"line":645,"column":2},"end":{"line":645,"column":8}},"loc":{"start":{"line":645,"column":17},"end":{"line":647,"column":3}}},"139":{"name":"(anonymous_139)","decl":{"start":{"line":649,"column":2},"end":{"line":649,"column":8}},"loc":{"start":{"line":649,"column":34},"end":{"line":651,"column":3}}},"140":{"name":"(anonymous_140)","decl":{"start":{"line":650,"column":41},"end":{"line":650,"column":42}},"loc":{"start":{"line":650,"column":51},"end":{"line":650,"column":60}}},"141":{"name":"(anonymous_141)","decl":{"start":{"line":653,"column":2},"end":{"line":653,"column":7}},"loc":{"start":{"line":653,"column":7},"end":{"line":655,"column":3}}},"142":{"name":"(anonymous_142)","decl":{"start":{"line":657,"column":2},"end":{"line":657,"column":9}},"loc":{"start":{"line":657,"column":9},"end":{"line":664,"column":3}}},"143":{"name":"(anonymous_143)","decl":{"start":{"line":666,"column":2},"end":{"line":666,"column":6}},"loc":{"start":{"line":666,"column":20},"end":{"line":668,"column":3}}},"144":{"name":"(anonymous_144)","decl":{"start":{"line":670,"column":2},"end":{"line":670,"column":11}},"loc":{"start":{"line":670,"column":57},"end":{"line":672,"column":3}}},"145":{"name":"(anonymous_145)","decl":{"start":{"line":674,"column":2},"end":{"line":674,"column":11}},"loc":{"start":{"line":674,"column":57},"end":{"line":678,"column":3}}},"146":{"name":"(anonymous_146)","decl":{"start":{"line":676,"column":44},"end":{"line":676,"column":45}},"loc":{"start":{"line":676,"column":61},"end":{"line":676,"column":83}}},"147":{"name":"(anonymous_147)","decl":{"start":{"line":680,"column":2},"end":{"line":680,"column":7}},"loc":{"start":{"line":680,"column":34},"end":{"line":682,"column":3}}},"148":{"name":"(anonymous_148)","decl":{"start":{"line":684,"column":2},"end":{"line":684,"column":9}},"loc":{"start":{"line":684,"column":36},"end":{"line":690,"column":3}}},"149":{"name":"(anonymous_149)","decl":{"start":{"line":692,"column":2},"end":{"line":692,"column":6}},"loc":{"start":{"line":692,"column":6},"end":{"line":697,"column":3}}},"150":{"name":"(anonymous_150)","decl":{"start":{"line":699,"column":2},"end":{"line":699,"column":6}},"loc":{"start":{"line":699,"column":37},"end":{"line":701,"column":3}}},"151":{"name":"(anonymous_151)","decl":{"start":{"line":703,"column":2},"end":{"line":703,"column":6}},"loc":{"start":{"line":703,"column":39},"end":{"line":705,"column":3}}},"152":{"name":"(anonymous_152)","decl":{"start":{"line":707,"column":2},"end":{"line":707,"column":8}},"loc":{"start":{"line":707,"column":34},"end":{"line":709,"column":3}}},"153":{"name":"(anonymous_153)","decl":{"start":{"line":708,"column":47},"end":{"line":708,"column":48}},"loc":{"start":{"line":708,"column":58},"end":{"line":708,"column":82}}},"154":{"name":"(anonymous_154)","decl":{"start":{"line":711,"column":2},"end":{"line":711,"column":10}},"loc":{"start":{"line":711,"column":43},"end":{"line":713,"column":3}}},"155":{"name":"(anonymous_155)","decl":{"start":{"line":712,"column":47},"end":{"line":712,"column":48}},"loc":{"start":{"line":712,"column":57},"end":{"line":712,"column":72}}},"156":{"name":"(anonymous_156)","decl":{"start":{"line":715,"column":2},"end":{"line":715,"column":10}},"loc":{"start":{"line":715,"column":10},"end":{"line":717,"column":3}}},"157":{"name":"(anonymous_157)","decl":{"start":{"line":719,"column":2},"end":{"line":719,"column":14}},"loc":{"start":{"line":719,"column":14},"end":{"line":721,"column":3}}},"158":{"name":"(anonymous_158)","decl":{"start":{"line":723,"column":2},"end":{"line":723,"column":15}},"loc":{"start":{"line":723,"column":48},"end":{"line":725,"column":3}}},"159":{"name":"(anonymous_159)","decl":{"start":{"line":727,"column":2},"end":{"line":727,"column":8}},"loc":{"start":{"line":727,"column":59},"end":{"line":731,"column":3}}},"160":{"name":"(anonymous_160)","decl":{"start":{"line":733,"column":2},"end":{"line":733,"column":7}},"loc":{"start":{"line":733,"column":20},"end":{"line":739,"column":3}}},"161":{"name":"(anonymous_161)","decl":{"start":{"line":741,"column":2},"end":{"line":741,"column":9}},"loc":{"start":{"line":741,"column":22},"end":{"line":747,"column":3}}},"162":{"name":"(anonymous_162)","decl":{"start":{"line":749,"column":2},"end":{"line":749,"column":5}},"loc":{"start":{"line":749,"column":35},"end":{"line":751,"column":3}}},"163":{"name":"(anonymous_163)","decl":{"start":{"line":750,"column":29},"end":{"line":750,"column":30}},"loc":{"start":{"line":750,"column":44},"end":{"line":750,"column":64}}},"164":{"name":"(anonymous_164)","decl":{"start":{"line":753,"column":2},"end":{"line":753,"column":6}},"loc":{"start":{"line":753,"column":20},"end":{"line":755,"column":3}}},"165":{"name":"(anonymous_165)","decl":{"start":{"line":757,"column":2},"end":{"line":757,"column":11}},"loc":{"start":{"line":757,"column":57},"end":{"line":759,"column":3}}},"166":{"name":"(anonymous_166)","decl":{"start":{"line":761,"column":2},"end":{"line":761,"column":11}},"loc":{"start":{"line":761,"column":57},"end":{"line":768,"column":3}}},"167":{"name":"(anonymous_167)","decl":{"start":{"line":765,"column":29},"end":{"line":765,"column":30}},"loc":{"start":{"line":765,"column":46},"end":{"line":765,"column":68}}},"168":{"name":"(anonymous_168)","decl":{"start":{"line":770,"column":2},"end":{"line":770,"column":5}},"loc":{"start":{"line":770,"column":51},"end":{"line":773,"column":3}}},"169":{"name":"(anonymous_169)","decl":{"start":{"line":775,"column":2},"end":{"line":775,"column":7}},"loc":{"start":{"line":775,"column":21},"end":{"line":777,"column":3}}},"170":{"name":"(anonymous_170)","decl":{"start":{"line":776,"column":48},"end":{"line":776,"column":51}},"loc":{"start":{"line":776,"column":54},"end":{"line":776,"column":64}}},"171":{"name":"(anonymous_171)","decl":{"start":{"line":779,"column":2},"end":{"line":779,"column":9}},"loc":{"start":{"line":779,"column":9},"end":{"line":781,"column":3}}},"172":{"name":"(anonymous_172)","decl":{"start":{"line":783,"column":2},"end":{"line":783,"column":8}},"loc":{"start":{"line":783,"column":8},"end":{"line":785,"column":3}}},"173":{"name":"(anonymous_173)","decl":{"start":{"line":787,"column":2},"end":{"line":787,"column":11}},"loc":{"start":{"line":787,"column":57},"end":{"line":789,"column":3}}},"174":{"name":"(anonymous_174)","decl":{"start":{"line":791,"column":2},"end":{"line":791,"column":7}},"loc":{"start":{"line":791,"column":7},"end":{"line":793,"column":3}}},"175":{"name":"(anonymous_175)","decl":{"start":{"line":795,"column":2},"end":{"line":795,"column":7}},"loc":{"start":{"line":795,"column":19},"end":{"line":798,"column":3}}},"176":{"name":"(anonymous_176)","decl":{"start":{"line":800,"column":2},"end":{"line":800,"column":8}},"loc":{"start":{"line":800,"column":40},"end":{"line":807,"column":3}}},"177":{"name":"(anonymous_177)","decl":{"start":{"line":803,"column":8},"end":{"line":803,"column":9}},"loc":{"start":{"line":803,"column":31},"end":{"line":803,"column":94}}},"178":{"name":"(anonymous_178)","decl":{"start":{"line":803,"column":46},"end":{"line":803,"column":47}},"loc":{"start":{"line":803,"column":53},"end":{"line":803,"column":83}}},"179":{"name":"(anonymous_179)","decl":{"start":{"line":809,"column":2},"end":{"line":809,"column":14}},"loc":{"start":{"line":809,"column":14},"end":{"line":811,"column":3}}},"180":{"name":"(anonymous_180)","decl":{"start":{"line":813,"column":2},"end":{"line":813,"column":8}},"loc":{"start":{"line":813,"column":74},"end":{"line":818,"column":3}}},"181":{"name":"(anonymous_181)","decl":{"start":{"line":820,"column":2},"end":{"line":820,"column":13}},"loc":{"start":{"line":820,"column":59},"end":{"line":825,"column":3}}},"182":{"name":"(anonymous_182)","decl":{"start":{"line":827,"column":2},"end":{"line":827,"column":16}},"loc":{"start":{"line":827,"column":62},"end":{"line":832,"column":3}}},"183":{"name":"(anonymous_183)","decl":{"start":{"line":834,"column":2},"end":{"line":834,"column":8}},"loc":{"start":{"line":834,"column":8},"end":{"line":836,"column":3}}},"184":{"name":"(anonymous_184)","decl":{"start":{"line":838,"column":2},"end":{"line":838,"column":7}},"loc":{"start":{"line":838,"column":7},"end":{"line":840,"column":3}}},"185":{"name":"(anonymous_185)","decl":{"start":{"line":842,"column":2},"end":{"line":842,"column":8}},"loc":{"start":{"line":842,"column":8},"end":{"line":844,"column":3}}},"186":{"name":"(anonymous_186)","decl":{"start":{"line":846,"column":2},"end":{"line":846,"column":6}},"loc":{"start":{"line":846,"column":72},"end":{"line":851,"column":3}}},"187":{"name":"(anonymous_187)","decl":{"start":{"line":853,"column":2},"end":{"line":853,"column":11}},"loc":{"start":{"line":853,"column":57},"end":{"line":858,"column":3}}},"188":{"name":"(anonymous_188)","decl":{"start":{"line":860,"column":2},"end":{"line":860,"column":14}},"loc":{"start":{"line":860,"column":60},"end":{"line":865,"column":3}}},"189":{"name":"(anonymous_189)","decl":{"start":{"line":867,"column":2},"end":{"line":867,"column":7}},"loc":{"start":{"line":867,"column":46},"end":{"line":869,"column":3}}},"190":{"name":"(anonymous_190)","decl":{"start":{"line":868,"column":44},"end":{"line":868,"column":45}},"loc":{"start":{"line":868,"column":54},"end":{"line":868,"column":73}}},"191":{"name":"(anonymous_191)","decl":{"start":{"line":871,"column":2},"end":{"line":871,"column":13}},"loc":{"start":{"line":871,"column":52},"end":{"line":873,"column":3}}},"192":{"name":"(anonymous_192)","decl":{"start":{"line":872,"column":44},"end":{"line":872,"column":45}},"loc":{"start":{"line":872,"column":54},"end":{"line":872,"column":73}}},"193":{"name":"(anonymous_193)","decl":{"start":{"line":875,"column":2},"end":{"line":875,"column":14}},"loc":{"start":{"line":875,"column":62},"end":{"line":877,"column":3}}},"194":{"name":"(anonymous_194)","decl":{"start":{"line":876,"column":44},"end":{"line":876,"column":45}},"loc":{"start":{"line":876,"column":54},"end":{"line":876,"column":90}}},"195":{"name":"(anonymous_195)","decl":{"start":{"line":879,"column":2},"end":{"line":879,"column":9}},"loc":{"start":{"line":879,"column":51},"end":{"line":881,"column":3}}},"196":{"name":"(anonymous_196)","decl":{"start":{"line":880,"column":44},"end":{"line":880,"column":45}},"loc":{"start":{"line":880,"column":54},"end":{"line":880,"column":80}}},"197":{"name":"(anonymous_197)","decl":{"start":{"line":883,"column":2},"end":{"line":883,"column":15}},"loc":{"start":{"line":883,"column":57},"end":{"line":885,"column":3}}},"198":{"name":"(anonymous_198)","decl":{"start":{"line":884,"column":44},"end":{"line":884,"column":45}},"loc":{"start":{"line":884,"column":54},"end":{"line":884,"column":80}}},"199":{"name":"(anonymous_199)","decl":{"start":{"line":887,"column":2},"end":{"line":887,"column":17}},"loc":{"start":{"line":887,"column":43},"end":{"line":889,"column":3}}},"200":{"name":"(anonymous_200)","decl":{"start":{"line":888,"column":44},"end":{"line":888,"column":45}},"loc":{"start":{"line":888,"column":54},"end":{"line":888,"column":79}}},"201":{"name":"(anonymous_201)","decl":{"start":{"line":891,"column":2},"end":{"line":891,"column":17}},"loc":{"start":{"line":891,"column":65},"end":{"line":893,"column":3}}},"202":{"name":"(anonymous_202)","decl":{"start":{"line":892,"column":44},"end":{"line":892,"column":45}},"loc":{"start":{"line":892,"column":54},"end":{"line":892,"column":88}}},"203":{"name":"(anonymous_203)","decl":{"start":{"line":895,"column":2},"end":{"line":895,"column":12}},"loc":{"start":{"line":895,"column":54},"end":{"line":897,"column":3}}},"204":{"name":"(anonymous_204)","decl":{"start":{"line":896,"column":44},"end":{"line":896,"column":45}},"loc":{"start":{"line":896,"column":54},"end":{"line":896,"column":81}}},"205":{"name":"(anonymous_205)","decl":{"start":{"line":899,"column":2},"end":{"line":899,"column":18}},"loc":{"start":{"line":899,"column":60},"end":{"line":901,"column":3}}},"206":{"name":"(anonymous_206)","decl":{"start":{"line":900,"column":44},"end":{"line":900,"column":45}},"loc":{"start":{"line":900,"column":54},"end":{"line":900,"column":81}}},"207":{"name":"(anonymous_207)","decl":{"start":{"line":903,"column":2},"end":{"line":903,"column":14}},"loc":{"start":{"line":903,"column":40},"end":{"line":907,"column":3}}},"208":{"name":"(anonymous_208)","decl":{"start":{"line":905,"column":24},"end":{"line":905,"column":25}},"loc":{"start":{"line":905,"column":34},"end":{"line":905,"column":79}}},"209":{"name":"(anonymous_209)","decl":{"start":{"line":909,"column":2},"end":{"line":909,"column":11}},"loc":{"start":{"line":909,"column":37},"end":{"line":913,"column":3}}},"210":{"name":"(anonymous_210)","decl":{"start":{"line":911,"column":24},"end":{"line":911,"column":25}},"loc":{"start":{"line":911,"column":34},"end":{"line":911,"column":79}}},"211":{"name":"(anonymous_211)","decl":{"start":{"line":915,"column":2},"end":{"line":915,"column":6}},"loc":{"start":{"line":915,"column":6},"end":{"line":917,"column":3}}},"212":{"name":"(anonymous_212)","decl":{"start":{"line":919,"column":2},"end":{"line":919,"column":5}},"loc":{"start":{"line":919,"column":20},"end":{"line":925,"column":3}}},"213":{"name":"collect","decl":{"start":{"line":928,"column":9},"end":{"line":928,"column":16}},"loc":{"start":{"line":928,"column":35},"end":{"line":930,"column":1}}}},"branchMap":{"0":{"loc":{"start":{"line":6,"column":14},"end":{"line":6,"column":29}},"type":"default-arg","locations":[{"start":{"line":6,"column":27},"end":{"line":6,"column":29}}]},"1":{"loc":{"start":{"line":11,"column":4},"end":{"line":13,"column":5}},"type":"if","locations":[{"start":{"line":11,"column":4},"end":{"line":13,"column":5}}]},"2":{"loc":{"start":{"line":17,"column":41},"end":{"line":17,"column":64}},"type":"default-arg","locations":[{"start":{"line":17,"column":59},"end":{"line":17,"column":64}}]},"3":{"loc":{"start":{"line":18,"column":4},"end":{"line":32,"column":5}},"type":"if","locations":[{"start":{"line":18,"column":4},"end":{"line":32,"column":5}},{"start":{"line":26,"column":11},"end":{"line":32,"column":5}}]},"4":{"loc":{"start":{"line":21,"column":8},"end":{"line":23,"column":9}},"type":"if","locations":[{"start":{"line":21,"column":8},"end":{"line":23,"column":9}}]},"5":{"loc":{"start":{"line":22,"column":17},"end":{"line":22,"column":42}},"type":"binary-expr","locations":[{"start":{"line":22,"column":17},"end":{"line":22,"column":34}},{"start":{"line":22,"column":38},"end":{"line":22,"column":42}}]},"6":{"loc":{"start":{"line":27,"column":49},"end":{"line":27,"column":80}},"type":"cond-expr","locations":[{"start":{"line":27,"column":58},"end":{"line":27,"column":68}},{"start":{"line":27,"column":71},"end":{"line":27,"column":80}}]},"7":{"loc":{"start":{"line":28,"column":6},"end":{"line":30,"column":7}},"type":"if","locations":[{"start":{"line":28,"column":6},"end":{"line":30,"column":7}}]},"8":{"loc":{"start":{"line":28,"column":10},"end":{"line":28,"column":57}},"type":"binary-expr","locations":[{"start":{"line":28,"column":10},"end":{"line":28,"column":22}},{"start":{"line":28,"column":26},"end":{"line":28,"column":57}}]},"9":{"loc":{"start":{"line":36,"column":4},"end":{"line":38,"column":5}},"type":"if","locations":[{"start":{"line":36,"column":4},"end":{"line":38,"column":5}}]},"10":{"loc":{"start":{"line":39,"column":4},"end":{"line":41,"column":5}},"type":"if","locations":[{"start":{"line":39,"column":4},"end":{"line":41,"column":5}}]},"11":{"loc":{"start":{"line":50,"column":42},"end":{"line":50,"column":65}},"type":"default-arg","locations":[{"start":{"line":50,"column":60},"end":{"line":50,"column":65}}]},"12":{"loc":{"start":{"line":51,"column":4},"end":{"line":65,"column":5}},"type":"if","locations":[{"start":{"line":51,"column":4},"end":{"line":65,"column":5}},{"start":{"line":59,"column":11},"end":{"line":65,"column":5}}]},"13":{"loc":{"start":{"line":54,"column":8},"end":{"line":56,"column":9}},"type":"if","locations":[{"start":{"line":54,"column":8},"end":{"line":56,"column":9}}]},"14":{"loc":{"start":{"line":60,"column":49},"end":{"line":60,"column":80}},"type":"cond-expr","locations":[{"start":{"line":60,"column":58},"end":{"line":60,"column":68}},{"start":{"line":60,"column":71},"end":{"line":60,"column":80}}]},"15":{"loc":{"start":{"line":61,"column":6},"end":{"line":63,"column":7}},"type":"if","locations":[{"start":{"line":61,"column":6},"end":{"line":63,"column":7}}]},"16":{"loc":{"start":{"line":61,"column":10},"end":{"line":61,"column":37}},"type":"binary-expr","locations":[{"start":{"line":61,"column":10},"end":{"line":61,"column":22}},{"start":{"line":61,"column":26},"end":{"line":61,"column":37}}]},"17":{"loc":{"start":{"line":69,"column":4},"end":{"line":69,"column":null}},"type":"if","locations":[{"start":{"line":69,"column":4},"end":{"line":69,"column":null}}]},"18":{"loc":{"start":{"line":79,"column":4},"end":{"line":79,"column":null}},"type":"if","locations":[{"start":{"line":79,"column":4},"end":{"line":79,"column":null}}]},"19":{"loc":{"start":{"line":85,"column":6},"end":{"line":90,"column":7}},"type":"if","locations":[{"start":{"line":85,"column":6},"end":{"line":90,"column":7}},{"start":{"line":87,"column":13},"end":{"line":90,"column":7}}]},"20":{"loc":{"start":{"line":85,"column":10},"end":{"line":85,"column":60}},"type":"binary-expr","locations":[{"start":{"line":85,"column":10},"end":{"line":85,"column":17}},{"start":{"line":85,"column":21},"end":{"line":85,"column":60}}]},"21":{"loc":{"start":{"line":93,"column":4},"end":{"line":95,"column":5}},"type":"if","locations":[{"start":{"line":93,"column":4},"end":{"line":95,"column":5}}]},"22":{"loc":{"start":{"line":103,"column":6},"end":{"line":107,"column":7}},"type":"if","locations":[{"start":{"line":103,"column":6},"end":{"line":107,"column":7}},{"start":{"line":105,"column":13},"end":{"line":107,"column":7}}]},"23":{"loc":{"start":{"line":122,"column":6},"end":{"line":126,"column":7}},"type":"if","locations":[{"start":{"line":122,"column":6},"end":{"line":126,"column":7}},{"start":{"line":124,"column":13},"end":{"line":126,"column":7}}]},"24":{"loc":{"start":{"line":132,"column":21},"end":{"line":132,"column":70}},"type":"cond-expr","locations":[{"start":{"line":132,"column":51},"end":{"line":132,"column":62}},{"start":{"line":132,"column":65},"end":{"line":132,"column":70}}]},"25":{"loc":{"start":{"line":137,"column":4},"end":{"line":139,"column":5}},"type":"if","locations":[{"start":{"line":137,"column":4},"end":{"line":139,"column":5}}]},"26":{"loc":{"start":{"line":141,"column":4},"end":{"line":148,"column":5}},"type":"if","locations":[{"start":{"line":141,"column":4},"end":{"line":148,"column":5}}]},"27":{"loc":{"start":{"line":141,"column":8},"end":{"line":141,"column":51}},"type":"binary-expr","locations":[{"start":{"line":141,"column":8},"end":{"line":141,"column":33}},{"start":{"line":141,"column":37},"end":{"line":141,"column":51}}]},"28":{"loc":{"start":{"line":154,"column":4},"end":{"line":156,"column":5}},"type":"if","locations":[{"start":{"line":154,"column":4},"end":{"line":156,"column":5}}]},"29":{"loc":{"start":{"line":171,"column":6},"end":{"line":173,"column":7}},"type":"if","locations":[{"start":{"line":171,"column":6},"end":{"line":173,"column":7}}]},"30":{"loc":{"start":{"line":193,"column":6},"end":{"line":196,"column":7}},"type":"if","locations":[{"start":{"line":193,"column":6},"end":{"line":196,"column":7}}]},"31":{"loc":{"start":{"line":213,"column":4},"end":{"line":215,"column":5}},"type":"if","locations":[{"start":{"line":213,"column":4},"end":{"line":215,"column":5}}]},"32":{"loc":{"start":{"line":228,"column":4},"end":{"line":230,"column":5}},"type":"if","locations":[{"start":{"line":228,"column":4},"end":{"line":230,"column":5}}]},"33":{"loc":{"start":{"line":232,"column":4},"end":{"line":234,"column":5}},"type":"if","locations":[{"start":{"line":232,"column":4},"end":{"line":234,"column":5}}]},"34":{"loc":{"start":{"line":232,"column":8},"end":{"line":232,"column":98}},"type":"binary-expr","locations":[{"start":{"line":232,"column":8},"end":{"line":232,"column":33}},{"start":{"line":232,"column":37},"end":{"line":232,"column":51}},{"start":{"line":232,"column":55},"end":{"line":232,"column":80}},{"start":{"line":232,"column":84},"end":{"line":232,"column":98}}]},"35":{"loc":{"start":{"line":239,"column":4},"end":{"line":241,"column":5}},"type":"if","locations":[{"start":{"line":239,"column":4},"end":{"line":241,"column":5}}]},"36":{"loc":{"start":{"line":244,"column":6},"end":{"line":246,"column":7}},"type":"if","locations":[{"start":{"line":244,"column":6},"end":{"line":246,"column":7}}]},"37":{"loc":{"start":{"line":244,"column":10},"end":{"line":244,"column":71}},"type":"binary-expr","locations":[{"start":{"line":244,"column":10},"end":{"line":244,"column":30}},{"start":{"line":244,"column":34},"end":{"line":244,"column":71}}]},"38":{"loc":{"start":{"line":253,"column":23},"end":{"line":253,"column":72}},"type":"cond-expr","locations":[{"start":{"line":253,"column":53},"end":{"line":253,"column":64}},{"start":{"line":253,"column":67},"end":{"line":253,"column":72}}]},"39":{"loc":{"start":{"line":282,"column":6},"end":{"line":284,"column":7}},"type":"if","locations":[{"start":{"line":282,"column":6},"end":{"line":284,"column":7}}]},"40":{"loc":{"start":{"line":282,"column":10},"end":{"line":282,"column":51}},"type":"binary-expr","locations":[{"start":{"line":282,"column":10},"end":{"line":282,"column":34}},{"start":{"line":282,"column":38},"end":{"line":282,"column":51}}]},"41":{"loc":{"start":{"line":338,"column":4},"end":{"line":340,"column":5}},"type":"if","locations":[{"start":{"line":338,"column":4},"end":{"line":340,"column":5}}]},"42":{"loc":{"start":{"line":355,"column":6},"end":{"line":359,"column":7}},"type":"if","locations":[{"start":{"line":355,"column":6},"end":{"line":359,"column":7}},{"start":{"line":357,"column":13},"end":{"line":359,"column":7}}]},"43":{"loc":{"start":{"line":367,"column":6},"end":{"line":371,"column":7}},"type":"if","locations":[{"start":{"line":367,"column":6},"end":{"line":371,"column":7}},{"start":{"line":369,"column":13},"end":{"line":371,"column":7}}]},"44":{"loc":{"start":{"line":367,"column":10},"end":{"line":367,"column":64}},"type":"binary-expr","locations":[{"start":{"line":367,"column":10},"end":{"line":367,"column":35}},{"start":{"line":367,"column":39},"end":{"line":367,"column":64}}]},"45":{"loc":{"start":{"line":398,"column":8},"end":{"line":400,"column":9}},"type":"if","locations":[{"start":{"line":398,"column":8},"end":{"line":400,"column":9}}]},"46":{"loc":{"start":{"line":409,"column":37},"end":{"line":409,"column":93}},"type":"binary-expr","locations":[{"start":{"line":409,"column":37},"end":{"line":409,"column":61}},{"start":{"line":409,"column":65},"end":{"line":409,"column":78}},{"start":{"line":409,"column":82},"end":{"line":409,"column":93}}]},"47":{"loc":{"start":{"line":487,"column":8},"end":{"line":489,"column":9}},"type":"if","locations":[{"start":{"line":487,"column":8},"end":{"line":489,"column":9}}]},"48":{"loc":{"start":{"line":514,"column":11},"end":{"line":514,"column":95}},"type":"cond-expr","locations":[{"start":{"line":514,"column":37},"end":{"line":514,"column":78}},{"start":{"line":514,"column":81},"end":{"line":514,"column":95}}]},"49":{"loc":{"start":{"line":533,"column":8},"end":{"line":535,"column":9}},"type":"if","locations":[{"start":{"line":533,"column":8},"end":{"line":535,"column":9}}]},"50":{"loc":{"start":{"line":570,"column":8},"end":{"line":574,"column":9}},"type":"if","locations":[{"start":{"line":570,"column":8},"end":{"line":574,"column":9}},{"start":{"line":572,"column":15},"end":{"line":574,"column":9}}]},"51":{"loc":{"start":{"line":634,"column":52},"end":{"line":634,"column":84}},"type":"cond-expr","locations":[{"start":{"line":634,"column":70},"end":{"line":634,"column":77}},{"start":{"line":634,"column":80},"end":{"line":634,"column":84}}]},"52":{"loc":{"start":{"line":638,"column":52},"end":{"line":638,"column":84}},"type":"cond-expr","locations":[{"start":{"line":638,"column":70},"end":{"line":638,"column":77}},{"start":{"line":638,"column":80},"end":{"line":638,"column":84}}]},"53":{"loc":{"start":{"line":693,"column":4},"end":{"line":695,"column":5}},"type":"if","locations":[{"start":{"line":693,"column":4},"end":{"line":695,"column":5}}]},"54":{"loc":{"start":{"line":708,"column":58},"end":{"line":708,"column":82}},"type":"cond-expr","locations":[{"start":{"line":708,"column":76},"end":{"line":708,"column":77}},{"start":{"line":708,"column":80},"end":{"line":708,"column":82}}]},"55":{"loc":{"start":{"line":801,"column":24},"end":{"line":805,"column":39}},"type":"cond-expr","locations":[{"start":{"line":802,"column":8},"end":{"line":803,"column":null}},{"start":{"line":805,"column":8},"end":{"line":805,"column":39}}]},"56":{"loc":{"start":{"line":814,"column":4},"end":{"line":816,"column":5}},"type":"if","locations":[{"start":{"line":814,"column":4},"end":{"line":816,"column":5}}]},"57":{"loc":{"start":{"line":821,"column":4},"end":{"line":823,"column":5}},"type":"if","locations":[{"start":{"line":821,"column":4},"end":{"line":823,"column":5}}]},"58":{"loc":{"start":{"line":828,"column":4},"end":{"line":830,"column":5}},"type":"if","locations":[{"start":{"line":828,"column":4},"end":{"line":830,"column":5}}]},"59":{"loc":{"start":{"line":847,"column":4},"end":{"line":849,"column":5}},"type":"if","locations":[{"start":{"line":847,"column":4},"end":{"line":849,"column":5}}]},"60":{"loc":{"start":{"line":854,"column":4},"end":{"line":856,"column":5}},"type":"if","locations":[{"start":{"line":854,"column":4},"end":{"line":856,"column":5}}]},"61":{"loc":{"start":{"line":861,"column":4},"end":{"line":863,"column":5}},"type":"if","locations":[{"start":{"line":861,"column":4},"end":{"line":863,"column":5}}]},"62":{"loc":{"start":{"line":876,"column":54},"end":{"line":876,"column":90}},"type":"binary-expr","locations":[{"start":{"line":876,"column":54},"end":{"line":876,"column":70}},{"start":{"line":876,"column":74},"end":{"line":876,"column":90}}]},"63":{"loc":{"start":{"line":892,"column":54},"end":{"line":892,"column":88}},"type":"binary-expr","locations":[{"start":{"line":892,"column":54},"end":{"line":892,"column":69}},{"start":{"line":892,"column":73},"end":{"line":892,"column":88}}]},"64":{"loc":{"start":{"line":905,"column":34},"end":{"line":905,"column":79}},"type":"binary-expr","locations":[{"start":{"line":905,"column":34},"end":{"line":905,"column":52}},{"start":{"line":905,"column":56},"end":{"line":905,"column":79}}]},"65":{"loc":{"start":{"line":911,"column":34},"end":{"line":911,"column":79}},"type":"binary-expr","locations":[{"start":{"line":911,"column":34},"end":{"line":911,"column":52}},{"start":{"line":911,"column":56},"end":{"line":911,"column":79}}]},"66":{"loc":{"start":{"line":928,"column":20},"end":{"line":928,"column":35}},"type":"default-arg","locations":[{"start":{"line":928,"column":33},"end":{"line":928,"column":35}}]}},"s":{"0":19,"1":19,"2":0,"3":0,"4":0,"5":0,"6":0,"7":0,"8":0,"9":0,"10":0,"11":0,"12":0,"13":0,"14":0,"15":0,"16":0,"17":0,"18":0,"19":0,"20":0,"21":0,"22":0,"23":0,"24":0,"25":0,"26":0,"27":0,"28":0,"29":0,"30":0,"31":0,"32":0,"33":0,"34":0,"35":0,"36":0,"37":0,"38":0,"39":0,"40":0,"41":0,"42":0,"43":0,"44":0,"45":0,"46":0,"47":0,"48":0,"49":0,"50":0,"51":0,"52":0,"53":0,"54":0,"55":0,"56":0,"57":0,"58":0,"59":0,"60":0,"61":0,"62":0,"63":0,"64":0,"65":0,"66":0,"67":0,"68":0,"69":0,"70":0,"71":0,"72":0,"73":0,"74":0,"75":0,"76":0,"77":0,"78":0,"79":0,"80":0,"81":0,"82":0,"83":0,"84":0,"85":0,"86":0,"87":0,"88":0,"89":0,"90":0,"91":0,"92":0,"93":0,"94":0,"95":0,"96":0,"97":0,"98":0,"99":0,"100":0,"101":0,"102":0,"103":0,"104":50,"105":9,"106":41,"107":38,"108":3,"109":3,"110":3,"111":0,"112":3,"113":3,"114":2,"115":1,"116":6,"117":6,"118":22,"119":47,"120":6,"121":0,"122":0,"123":0,"124":0,"125":0,"126":0,"127":0,"128":0,"129":0,"130":0,"131":0,"132":0,"133":0,"134":0,"135":0,"136":0,"137":0,"138":0,"139":0,"140":0,"141":0,"142":0,"143":0,"144":0,"145":0,"146":0,"147":0,"148":0,"149":0,"150":0,"151":0,"152":0,"153":0,"154":0,"155":0,"156":0,"157":0,"158":0,"159":0,"160":0,"161":0,"162":0,"163":0,"164":0,"165":0,"166":0,"167":0,"168":0,"169":0,"170":0,"171":0,"172":0,"173":0,"174":0,"175":0,"176":0,"177":0,"178":0,"179":0,"180":0,"181":0,"182":0,"183":0,"184":0,"185":0,"186":0,"187":0,"188":0,"189":0,"190":0,"191":0,"192":0,"193":0,"194":0,"195":0,"196":0,"197":0,"198":0,"199":0,"200":0,"201":0,"202":0,"203":0,"204":0,"205":0,"206":0,"207":0,"208":0,"209":0,"210":0,"211":0,"212":0,"213":0,"214":0,"215":0,"216":0,"217":0,"218":0,"219":0,"220":0,"221":0,"222":0,"223":0,"224":0,"225":0,"226":0,"227":0,"228":0,"229":0,"230":0,"231":0,"232":0,"233":0,"234":0,"235":0,"236":0,"237":0,"238":0,"239":0,"240":0,"241":0,"242":0,"243":0,"244":0,"245":0,"246":0,"247":0,"248":0,"249":0,"250":0,"251":0,"252":0,"253":0,"254":0,"255":0,"256":0,"257":0,"258":0,"259":0,"260":0,"261":0,"262":0,"263":0,"264":0,"265":0,"266":0,"267":0,"268":0,"269":0,"270":0,"271":0,"272":0,"273":0,"274":0,"275":0,"276":0,"277":0,"278":0,"279":0,"280":0,"281":0,"282":0,"283":0,"284":0,"285":0,"286":0,"287":0,"288":0,"289":0,"290":0,"291":0,"292":0,"293":0,"294":0,"295":0,"296":0,"297":0,"298":0,"299":0,"300":0,"301":0,"302":0,"303":0,"304":0,"305":0,"306":0,"307":0,"308":0,"309":0,"310":0,"311":0,"312":0,"313":0,"314":0,"315":0,"316":0,"317":0,"318":0,"319":0,"320":0,"321":0,"322":0,"323":0,"324":0,"325":0,"326":0,"327":0,"328":0,"329":0,"330":0,"331":0,"332":0,"333":0,"334":0,"335":0,"336":0,"337":0,"338":0,"339":0,"340":0,"341":0,"342":0,"343":0,"344":0,"345":0,"346":0,"347":0,"348":0,"349":0,"350":0,"351":0,"352":0,"353":0,"354":0,"355":0,"356":0,"357":0,"358":0,"359":0,"360":0,"361":0,"362":0,"363":0,"364":0,"365":0,"366":0,"367":0,"368":0,"369":0,"370":0,"371":0,"372":0,"373":0,"374":0,"375":0,"376":0,"377":0,"378":0,"379":0,"380":0,"381":0,"382":0,"383":0,"384":0,"385":0,"386":0,"387":0,"388":0,"389":0,"390":0,"391":0,"392":0,"393":0,"394":0,"395":0,"396":1,"397":13,"398":1},"f":{"0":19,"1":0,"2":0,"3":0,"4":0,"5":0,"6":0,"7":0,"8":0,"9":0,"10":0,"11":0,"12":0,"13":0,"14":0,"15":0,"16":0,"17":0,"18":0,"19":0,"20":0,"21":0,"22":0,"23":0,"24":0,"25":0,"26":0,"27":0,"28":50,"29":6,"30":22,"31":47,"32":0,"33":0,"34":0,"35":0,"36":0,"37":0,"38":0,"39":0,"40":0,"41":0,"42":0,"43":0,"44":0,"45":0,"46":0,"47":0,"48":0,"49":0,"50":0,"51":0,"52":0,"53":0,"54":0,"55":0,"56":0,"57":0,"58":0,"59":0,"60":0,"61":0,"62":0,"63":0,"64":0,"65":0,"66":0,"67":0,"68":0,"69":0,"70":0,"71":0,"72":0,"73":0,"74":0,"75":0,"76":0,"77":0,"78":0,"79":0,"80":0,"81":0,"82":0,"83":0,"84":0,"85":0,"86":0,"87":0,"88":0,"89":0,"90":0,"91":0,"92":0,"93":0,"94":0,"95":0,"96":0,"97":0,"98":0,"99":0,"100":0,"101":0,"102":0,"103":0,"104":0,"105":0,"106":0,"107":0,"108":0,"109":0,"110":0,"111":0,"112":0,"113":0,"114":0,"115":0,"116":0,"117":0,"118":0,"119":0,"120":0,"121":0,"122":0,"123":0,"124":0,"125":0,"126":0,"127":0,"128":0,"129":0,"130":0,"131":0,"132":0,"133":0,"134":0,"135":0,"136":0,"137":0,"138":0,"139":0,"140":0,"141":0,"142":0,"143":0,"144":0,"145":0,"146":0,"147":0,"148":0,"149":0,"150":0,"151":0,"152":0,"153":0,"154":0,"155":0,"156":0,"157":0,"158":0,"159":0,"160":0,"161":0,"162":0,"163":0,"164":0,"165":0,"166":0,"167":0,"168":0,"169":0,"170":0,"171":0,"172":0,"173":0,"174":0,"175":0,"176":0,"177":0,"178":0,"179":0,"180":0,"181":0,"182":0,"183":0,"184":0,"185":0,"186":0,"187":0,"188":0,"189":0,"190":0,"191":0,"192":0,"193":0,"194":0,"195":0,"196":0,"197":0,"198":0,"199":0,"200":0,"201":0,"202":0,"203":0,"204":0,"205":0,"206":0,"207":0,"208":0,"209":0,"210":0,"211":0,"212":0,"213":13},"b":{"0":[0],"1":[0],"2":[0],"3":[0,0],"4":[0],"5":[0,0],"6":[0,0],"7":[0],"8":[0,0],"9":[0],"10":[0],"11":[0],"12":[0,0],"13":[0],"14":[0,0],"15":[0],"16":[0,0],"17":[0],"18":[0],"19":[0,0],"20":[0,0],"21":[0],"22":[0,0],"23":[0,0],"24":[0,0],"25":[0],"26":[0],"27":[0,0],"28":[0],"29":[0],"30":[0],"31":[0],"32":[9],"33":[38],"34":[41,3,3,3],"35":[0],"36":[2],"37":[3,3],"38":[2,4],"39":[0],"40":[0,0],"41":[0],"42":[0,0],"43":[0,0],"44":[0,0],"45":[0],"46":[0,0,0],"47":[0],"48":[0,0],"49":[0],"50":[0,0],"51":[0,0],"52":[0,0],"53":[0],"54":[0,0],"55":[0,0],"56":[0],"57":[0],"58":[0],"59":[0],"60":[0],"61":[0],"62":[0,0],"63":[0,0],"64":[0,0],"65":[0,0],"66":[0]}}
}
