TN:
SF:src/collect.ts
FN:6,(anonymous_0)
FN:10,(anonymous_1)
FN:12,(anonymous_2)
FN:17,(anonymous_3)
FN:27,(anonymous_4)
FN:35,(anonymous_5)
FN:43,(anonymous_6)
FN:46,(anonymous_7)
FN:50,(anonymous_8)
FN:60,(anonymous_9)
FN:68,(anonymous_10)
FN:78,(anonymous_11)
FN:100,(anonymous_12)
FN:102,(anonymous_13)
FN:115,(anonymous_14)
FN:119,(anonymous_15)
FN:131,(anonymous_16)
FN:136,(anonymous_17)
FN:142,(anonymous_18)
FN:144,(anonymous_19)
FN:153,(anonymous_20)
FN:160,(anonymous_21)
FN:164,(anonymous_22)
FN:168,(anonymous_23)
FN:169,(anonymous_24)
FN:189,(anonymous_25)
FN:192,(anonymous_26)
FN:210,(anonymous_27)
FN:227,(anonymous_28)
FN:252,(anonymous_29)
FN:254,(anonymous_30)
FN:254,(anonymous_31)
FN:258,(anonymous_32)
FN:259,(anonymous_33)
FN:263,(anonymous_34)
FN:265,(anonymous_35)
FN:265,(anonymous_36)
FN:270,(anonymous_37)
FN:271,(anonymous_38)
FN:275,(anonymous_39)
FN:279,(anonymous_40)
FN:281,(anonymous_41)
FN:289,(anonymous_42)
FN:295,(anonymous_43)
FN:296,(anonymous_44)
FN:299,(anonymous_45)
FN:300,(anonymous_46)
FN:303,(anonymous_47)
FN:307,(anonymous_48)
FN:308,(anonymous_49)
FN:311,(anonymous_50)
FN:315,(anonymous_51)
FN:319,(anonymous_52)
FN:321,(anonymous_53)
FN:323,(anonymous_54)
FN:329,(anonymous_55)
FN:333,(anonymous_56)
FN:337,(anonymous_57)
FN:344,(anonymous_58)
FN:345,(anonymous_59)
FN:348,(anonymous_60)
FN:352,(anonymous_61)
FN:354,(anonymous_62)
FN:364,(anonymous_63)
FN:366,(anonymous_64)
FN:376,(anonymous_65)
FN:378,(anonymous_66)
FN:386,(anonymous_67)
FN:390,(anonymous_68)
FN:394,(anonymous_69)
FN:396,(anonymous_70)
FN:408,(anonymous_71)
FN:409,(anonymous_72)
FN:412,(anonymous_73)
FN:413,(anonymous_74)
FN:416,(anonymous_75)
FN:417,(anonymous_76)
FN:420,(anonymous_77)
FN:421,(anonymous_78)
FN:425,(anonymous_79)
FN:426,(anonymous_80)
FN:430,(anonymous_81)
FN:431,(anonymous_82)
FN:435,(anonymous_83)
FN:439,(anonymous_84)
FN:443,(anonymous_85)
FN:444,(anonymous_86)
FN:447,(anonymous_87)
FN:449,(anonymous_88)
FN:457,(anonymous_89)
FN:461,(anonymous_90)
FN:465,(anonymous_91)
FN:469,(anonymous_92)
FN:473,(anonymous_93)
FN:474,(anonymous_94)
FN:477,(anonymous_95)
FN:479,(anonymous_96)
FN:483,(anonymous_97)
FN:485,(anonymous_98)
FN:497,(anonymous_99)
FN:499,(anonymous_100)
FN:507,(anonymous_101)
FN:511,(anonymous_102)
FN:512,(anonymous_103)
FN:517,(anonymous_104)
FN:521,(anonymous_105)
FN:525,(anonymous_106)
FN:529,(anonymous_107)
FN:531,(anonymous_108)
FN:542,(anonymous_109)
FN:545,(anonymous_110)
FN:549,(anonymous_111)
FN:551,(anonymous_112)
FN:553,(anonymous_113)
FN:559,(anonymous_114)
FN:567,(anonymous_115)
FN:569,(anonymous_116)
FN:582,(anonymous_117)
FN:586,(anonymous_118)
FN:587,(anonymous_119)
FN:590,(anonymous_120)
FN:594,(anonymous_121)
FN:598,(anonymous_122)
FN:599,(anonymous_123)
FN:602,(anonymous_124)
FN:607,(anonymous_125)
FN:609,(anonymous_126)
FN:617,(anonymous_127)
FN:621,(anonymous_128)
FN:622,(anonymous_129)
FN:625,(anonymous_130)
FN:629,(anonymous_131)
FN:630,(anonymous_132)
FN:633,(anonymous_133)
FN:634,(anonymous_134)
FN:637,(anonymous_135)
FN:638,(anonymous_136)
FN:641,(anonymous_137)
FN:645,(anonymous_138)
FN:649,(anonymous_139)
FN:650,(anonymous_140)
FN:653,(anonymous_141)
FN:657,(anonymous_142)
FN:666,(anonymous_143)
FN:670,(anonymous_144)
FN:674,(anonymous_145)
FN:676,(anonymous_146)
FN:680,(anonymous_147)
FN:684,(anonymous_148)
FN:692,(anonymous_149)
FN:699,(anonymous_150)
FN:703,(anonymous_151)
FN:707,(anonymous_152)
FN:708,(anonymous_153)
FN:711,(anonymous_154)
FN:712,(anonymous_155)
FN:715,(anonymous_156)
FN:719,(anonymous_157)
FN:723,(anonymous_158)
FN:727,(anonymous_159)
FN:733,(anonymous_160)
FN:741,(anonymous_161)
FN:749,(anonymous_162)
FN:750,(anonymous_163)
FN:753,(anonymous_164)
FN:757,(anonymous_165)
FN:761,(anonymous_166)
FN:765,(anonymous_167)
FN:770,(anonymous_168)
FN:775,(anonymous_169)
FN:776,(anonymous_170)
FN:779,(anonymous_171)
FN:783,(anonymous_172)
FN:787,(anonymous_173)
FN:791,(anonymous_174)
FN:795,(anonymous_175)
FN:800,(anonymous_176)
FN:803,(anonymous_177)
FN:803,(anonymous_178)
FN:809,(anonymous_179)
FN:813,(anonymous_180)
FN:820,(anonymous_181)
FN:827,(anonymous_182)
FN:834,(anonymous_183)
FN:838,(anonymous_184)
FN:842,(anonymous_185)
FN:846,(anonymous_186)
FN:853,(anonymous_187)
FN:860,(anonymous_188)
FN:867,(anonymous_189)
FN:868,(anonymous_190)
FN:871,(anonymous_191)
FN:872,(anonymous_192)
FN:875,(anonymous_193)
FN:876,(anonymous_194)
FN:879,(anonymous_195)
FN:880,(anonymous_196)
FN:883,(anonymous_197)
FN:884,(anonymous_198)
FN:887,(anonymous_199)
FN:888,(anonymous_200)
FN:891,(anonymous_201)
FN:892,(anonymous_202)
FN:895,(anonymous_203)
FN:896,(anonymous_204)
FN:899,(anonymous_205)
FN:900,(anonymous_206)
FN:903,(anonymous_207)
FN:905,(anonymous_208)
FN:909,(anonymous_209)
FN:911,(anonymous_210)
FN:915,(anonymous_211)
FN:919,(anonymous_212)
FN:928,collect
FNF:214
FNH:6
FNDA:19,(anonymous_0)
FNDA:0,(anonymous_1)
FNDA:0,(anonymous_2)
FNDA:0,(anonymous_3)
FNDA:0,(anonymous_4)
FNDA:0,(anonymous_5)
FNDA:0,(anonymous_6)
FNDA:0,(anonymous_7)
FNDA:0,(anonymous_8)
FNDA:0,(anonymous_9)
FNDA:0,(anonymous_10)
FNDA:0,(anonymous_11)
FNDA:0,(anonymous_12)
FNDA:0,(anonymous_13)
FNDA:0,(anonymous_14)
FNDA:0,(anonymous_15)
FNDA:0,(anonymous_16)
FNDA:0,(anonymous_17)
FNDA:0,(anonymous_18)
FNDA:0,(anonymous_19)
FNDA:0,(anonymous_20)
FNDA:0,(anonymous_21)
FNDA:0,(anonymous_22)
FNDA:0,(anonymous_23)
FNDA:0,(anonymous_24)
FNDA:0,(anonymous_25)
FNDA:0,(anonymous_26)
FNDA:0,(anonymous_27)
FNDA:50,(anonymous_28)
FNDA:6,(anonymous_29)
FNDA:22,(anonymous_30)
FNDA:47,(anonymous_31)
FNDA:0,(anonymous_32)
FNDA:0,(anonymous_33)
FNDA:0,(anonymous_34)
FNDA:0,(anonymous_35)
FNDA:0,(anonymous_36)
FNDA:0,(anonymous_37)
FNDA:0,(anonymous_38)
FNDA:0,(anonymous_39)
FNDA:0,(anonymous_40)
FNDA:0,(anonymous_41)
FNDA:0,(anonymous_42)
FNDA:0,(anonymous_43)
FNDA:0,(anonymous_44)
FNDA:0,(anonymous_45)
FNDA:0,(anonymous_46)
FNDA:0,(anonymous_47)
FNDA:0,(anonymous_48)
FNDA:0,(anonymous_49)
FNDA:0,(anonymous_50)
FNDA:0,(anonymous_51)
FNDA:0,(anonymous_52)
FNDA:0,(anonymous_53)
FNDA:0,(anonymous_54)
FNDA:0,(anonymous_55)
FNDA:0,(anonymous_56)
FNDA:0,(anonymous_57)
FNDA:0,(anonymous_58)
FNDA:0,(anonymous_59)
FNDA:0,(anonymous_60)
FNDA:0,(anonymous_61)
FNDA:0,(anonymous_62)
FNDA:0,(anonymous_63)
FNDA:0,(anonymous_64)
FNDA:0,(anonymous_65)
FNDA:0,(anonymous_66)
FNDA:0,(anonymous_67)
FNDA:0,(anonymous_68)
FNDA:0,(anonymous_69)
FNDA:0,(anonymous_70)
FNDA:0,(anonymous_71)
FNDA:0,(anonymous_72)
FNDA:0,(anonymous_73)
FNDA:0,(anonymous_74)
FNDA:0,(anonymous_75)
FNDA:0,(anonymous_76)
FNDA:0,(anonymous_77)
FNDA:0,(anonymous_78)
FNDA:0,(anonymous_79)
FNDA:0,(anonymous_80)
FNDA:0,(anonymous_81)
FNDA:0,(anonymous_82)
FNDA:0,(anonymous_83)
FNDA:0,(anonymous_84)
FNDA:0,(anonymous_85)
FNDA:0,(anonymous_86)
FNDA:0,(anonymous_87)
FNDA:0,(anonymous_88)
FNDA:0,(anonymous_89)
FNDA:0,(anonymous_90)
FNDA:0,(anonymous_91)
FNDA:0,(anonymous_92)
FNDA:0,(anonymous_93)
FNDA:0,(anonymous_94)
FNDA:0,(anonymous_95)
FNDA:0,(anonymous_96)
FNDA:0,(anonymous_97)
FNDA:0,(anonymous_98)
FNDA:0,(anonymous_99)
FNDA:0,(anonymous_100)
FNDA:0,(anonymous_101)
FNDA:0,(anonymous_102)
FNDA:0,(anonymous_103)
FNDA:0,(anonymous_104)
FNDA:0,(anonymous_105)
FNDA:0,(anonymous_106)
FNDA:0,(anonymous_107)
FNDA:0,(anonymous_108)
FNDA:0,(anonymous_109)
FNDA:0,(anonymous_110)
FNDA:0,(anonymous_111)
FNDA:0,(anonymous_112)
FNDA:0,(anonymous_113)
FNDA:0,(anonymous_114)
FNDA:0,(anonymous_115)
FNDA:0,(anonymous_116)
FNDA:0,(anonymous_117)
FNDA:0,(anonymous_118)
FNDA:0,(anonymous_119)
FNDA:0,(anonymous_120)
FNDA:0,(anonymous_121)
FNDA:0,(anonymous_122)
FNDA:0,(anonymous_123)
FNDA:0,(anonymous_124)
FNDA:0,(anonymous_125)
FNDA:0,(anonymous_126)
FNDA:0,(anonymous_127)
FNDA:0,(anonymous_128)
FNDA:0,(anonymous_129)
FNDA:0,(anonymous_130)
FNDA:0,(anonymous_131)
FNDA:0,(anonymous_132)
FNDA:0,(anonymous_133)
FNDA:0,(anonymous_134)
FNDA:0,(anonymous_135)
FNDA:0,(anonymous_136)
FNDA:0,(anonymous_137)
FNDA:0,(anonymous_138)
FNDA:0,(anonymous_139)
FNDA:0,(anonymous_140)
FNDA:0,(anonymous_141)
FNDA:0,(anonymous_142)
FNDA:0,(anonymous_143)
FNDA:0,(anonymous_144)
FNDA:0,(anonymous_145)
FNDA:0,(anonymous_146)
FNDA:0,(anonymous_147)
FNDA:0,(anonymous_148)
FNDA:0,(anonymous_149)
FNDA:0,(anonymous_150)
FNDA:0,(anonymous_151)
FNDA:0,(anonymous_152)
FNDA:0,(anonymous_153)
FNDA:0,(anonymous_154)
FNDA:0,(anonymous_155)
FNDA:0,(anonymous_156)
FNDA:0,(anonymous_157)
FNDA:0,(anonymous_158)
FNDA:0,(anonymous_159)
FNDA:0,(anonymous_160)
FNDA:0,(anonymous_161)
FNDA:0,(anonymous_162)
FNDA:0,(anonymous_163)
FNDA:0,(anonymous_164)
FNDA:0,(anonymous_165)
FNDA:0,(anonymous_166)
FNDA:0,(anonymous_167)
FNDA:0,(anonymous_168)
FNDA:0,(anonymous_169)
FNDA:0,(anonymous_170)
FNDA:0,(anonymous_171)
FNDA:0,(anonymous_172)
FNDA:0,(anonymous_173)
FNDA:0,(anonymous_174)
FNDA:0,(anonymous_175)
FNDA:0,(anonymous_176)
FNDA:0,(anonymous_177)
FNDA:0,(anonymous_178)
FNDA:0,(anonymous_179)
FNDA:0,(anonymous_180)
FNDA:0,(anonymous_181)
FNDA:0,(anonymous_182)
FNDA:0,(anonymous_183)
FNDA:0,(anonymous_184)
FNDA:0,(anonymous_185)
FNDA:0,(anonymous_186)
FNDA:0,(anonymous_187)
FNDA:0,(anonymous_188)
FNDA:0,(anonymous_189)
FNDA:0,(anonymous_190)
FNDA:0,(anonymous_191)
FNDA:0,(anonymous_192)
FNDA:0,(anonymous_193)
FNDA:0,(anonymous_194)
FNDA:0,(anonymous_195)
FNDA:0,(anonymous_196)
FNDA:0,(anonymous_197)
FNDA:0,(anonymous_198)
FNDA:0,(anonymous_199)
FNDA:0,(anonymous_200)
FNDA:0,(anonymous_201)
FNDA:0,(anonymous_202)
FNDA:0,(anonymous_203)
FNDA:0,(anonymous_204)
FNDA:0,(anonymous_205)
FNDA:0,(anonymous_206)
FNDA:0,(anonymous_207)
FNDA:0,(anonymous_208)
FNDA:0,(anonymous_209)
FNDA:0,(anonymous_210)
FNDA:0,(anonymous_211)
FNDA:0,(anonymous_212)
FNDA:13,collect
DA:3,1
DA:4,19
DA:7,19
DA:11,0
DA:12,0
DA:14,0
DA:18,0
DA:19,0
DA:20,0
DA:21,0
DA:22,0
DA:25,0
DA:27,0
DA:28,0
DA:29,0
DA:31,0
DA:36,0
DA:37,0
DA:39,0
DA:40,0
DA:43,0
DA:47,0
DA:51,0
DA:52,0
DA:53,0
DA:54,0
DA:55,0
DA:58,0
DA:60,0
DA:61,0
DA:62,0
DA:64,0
DA:69,0
DA:70,0
DA:71,0
DA:72,0
DA:75,0
DA:79,0
DA:81,0
DA:82,0
DA:84,0
DA:85,0
DA:86,0
DA:88,0
DA:89,0
DA:93,0
DA:94,0
DA:97,0
DA:101,0
DA:102,0
DA:103,0
DA:104,0
DA:106,0
DA:109,0
DA:116,0
DA:120,0
DA:121,0
DA:122,0
DA:123,0
DA:125,0
DA:128,0
DA:132,0
DA:133,0
DA:137,0
DA:138,0
DA:141,0
DA:142,0
DA:143,0
DA:145,0
DA:150,0
DA:154,0
DA:155,0
DA:157,0
DA:161,0
DA:165,0
DA:169,0
DA:170,0
DA:171,0
DA:172,0
DA:174,0
DA:175,0
DA:190,0
DA:192,0
DA:193,0
DA:194,0
DA:195,0
DA:198,0
DA:199,0
DA:203,0
DA:204,0
DA:207,0
DA:212,0
DA:213,0
DA:214,0
DA:228,50
DA:229,9
DA:232,41
DA:233,38
DA:236,3
DA:237,3
DA:239,3
DA:240,0
DA:243,3
DA:244,3
DA:245,2
DA:249,1
DA:253,6
DA:254,47
DA:255,6
DA:259,0
DA:260,0
DA:264,0
DA:265,0
DA:267,0
DA:271,0
DA:272,0
DA:276,0
DA:280,0
DA:281,0
DA:282,0
DA:283,0
DA:286,0
DA:290,0
DA:291,0
DA:296,0
DA:300,0
DA:304,0
DA:308,0
DA:312,0
DA:316,0
DA:320,0
DA:322,0
DA:323,0
DA:324,0
DA:330,0
DA:334,0
DA:338,0
DA:339,0
DA:341,0
DA:345,0
DA:349,0
DA:353,0
DA:354,0
DA:355,0
DA:356,0
DA:358,0
DA:361,0
DA:365,0
DA:366,0
DA:367,0
DA:368,0
DA:370,0
DA:373,0
DA:377,0
DA:379,0
DA:380,0
DA:381,0
DA:387,0
DA:391,0
DA:395,0
DA:397,0
DA:398,0
DA:399,0
DA:401,0
DA:402,0
DA:409,0
DA:413,0
DA:417,0
DA:421,0
DA:422,0
DA:426,0
DA:427,0
DA:431,0
DA:432,0
DA:436,0
DA:440,0
DA:444,0
DA:448,0
DA:450,0
DA:451,0
DA:458,0
DA:462,0
DA:466,0
DA:470,0
DA:474,0
DA:478,0
DA:479,0
DA:484,0
DA:486,0
DA:487,0
DA:488,0
DA:490,0
DA:491,0
DA:498,0
DA:500,0
DA:501,0
DA:508,0
DA:512,0
DA:513,0
DA:514,0
DA:518,0
DA:522,0
DA:526,0
DA:530,0
DA:532,0
DA:533,0
DA:534,0
DA:536,0
DA:537,0
DA:541,0
DA:542,0
DA:546,0
DA:550,0
DA:552,0
DA:553,0
DA:554,0
DA:560,0
DA:561,0
DA:562,0
DA:564,0
DA:568,0
DA:570,0
DA:571,0
DA:573,0
DA:575,0
DA:579,0
DA:583,0
DA:587,0
DA:591,0
DA:595,0
DA:599,0
DA:603,0
DA:604,0
DA:608,0
DA:610,0
DA:611,0
DA:612,0
DA:618,0
DA:622,0
DA:626,0
DA:630,0
DA:634,0
DA:638,0
DA:642,0
DA:646,0
DA:650,0
DA:654,0
DA:658,0
DA:659,0
DA:660,0
DA:661,0
DA:663,0
DA:667,0
DA:671,0
DA:675,0
DA:676,0
DA:681,0
DA:685,0
DA:686,0
DA:687,0
DA:689,0
DA:693,0
DA:694,0
DA:696,0
DA:700,0
DA:704,0
DA:708,0
DA:712,0
DA:716,0
DA:720,0
DA:724,0
DA:728,0
DA:729,0
DA:730,0
DA:734,0
DA:735,0
DA:736,0
DA:738,0
DA:742,0
DA:743,0
DA:744,0
DA:746,0
DA:750,0
DA:754,0
DA:758,0
DA:762,0
DA:765,0
DA:771,0
DA:772,0
DA:776,0
DA:780,0
DA:784,0
DA:788,0
DA:792,0
DA:796,0
DA:797,0
DA:801,0
DA:803,0
DA:806,0
DA:810,0
DA:814,0
DA:815,0
DA:817,0
DA:821,0
DA:822,0
DA:824,0
DA:828,0
DA:829,0
DA:831,0
DA:835,0
DA:839,0
DA:843,0
DA:847,0
DA:848,0
DA:850,0
DA:854,0
DA:855,0
DA:857,0
DA:861,0
DA:862,0
DA:864,0
DA:868,0
DA:872,0
DA:876,0
DA:880,0
DA:884,0
DA:888,0
DA:892,0
DA:896,0
DA:900,0
DA:904,0
DA:905,0
DA:910,0
DA:911,0
DA:916,0
DA:920,0
DA:921,0
DA:922,0
DA:924,0
DA:929,13
DA:932,1
LF:341
LH:19
BRDA:6,0,0,0
BRDA:11,1,0,0
BRDA:17,2,0,0
BRDA:18,3,0,0
BRDA:18,3,1,0
BRDA:21,4,0,0
BRDA:22,5,0,0
BRDA:22,5,1,0
BRDA:27,6,0,0
BRDA:27,6,1,0
BRDA:28,7,0,0
BRDA:28,8,0,0
BRDA:28,8,1,0
BRDA:36,9,0,0
BRDA:39,10,0,0
BRDA:50,11,0,0
BRDA:51,12,0,0
BRDA:51,12,1,0
BRDA:54,13,0,0
BRDA:60,14,0,0
BRDA:60,14,1,0
BRDA:61,15,0,0
BRDA:61,16,0,0
BRDA:61,16,1,0
BRDA:69,17,0,0
BRDA:79,18,0,0
BRDA:85,19,0,0
BRDA:85,19,1,0
BRDA:85,20,0,0
BRDA:85,20,1,0
BRDA:93,21,0,0
BRDA:103,22,0,0
BRDA:103,22,1,0
BRDA:122,23,0,0
BRDA:122,23,1,0
BRDA:132,24,0,0
BRDA:132,24,1,0
BRDA:137,25,0,0
BRDA:141,26,0,0
BRDA:141,27,0,0
BRDA:141,27,1,0
BRDA:154,28,0,0
BRDA:171,29,0,0
BRDA:193,30,0,0
BRDA:213,31,0,0
BRDA:228,32,0,9
BRDA:232,33,0,38
BRDA:232,34,0,41
BRDA:232,34,1,3
BRDA:232,34,2,3
BRDA:232,34,3,3
BRDA:239,35,0,0
BRDA:244,36,0,2
BRDA:244,37,0,3
BRDA:244,37,1,3
BRDA:253,38,0,2
BRDA:253,38,1,4
BRDA:282,39,0,0
BRDA:282,40,0,0
BRDA:282,40,1,0
BRDA:338,41,0,0
BRDA:355,42,0,0
BRDA:355,42,1,0
BRDA:367,43,0,0
BRDA:367,43,1,0
BRDA:367,44,0,0
BRDA:367,44,1,0
BRDA:398,45,0,0
BRDA:409,46,0,0
BRDA:409,46,1,0
BRDA:409,46,2,0
BRDA:487,47,0,0
BRDA:514,48,0,0
BRDA:514,48,1,0
BRDA:533,49,0,0
BRDA:570,50,0,0
BRDA:570,50,1,0
BRDA:634,51,0,0
BRDA:634,51,1,0
BRDA:638,52,0,0
BRDA:638,52,1,0
BRDA:693,53,0,0
BRDA:708,54,0,0
BRDA:708,54,1,0
BRDA:801,55,0,0
BRDA:801,55,1,0
BRDA:814,56,0,0
BRDA:821,57,0,0
BRDA:828,58,0,0
BRDA:847,59,0,0
BRDA:854,60,0,0
BRDA:861,61,0,0
BRDA:876,62,0,0
BRDA:876,62,1,0
BRDA:892,63,0,0
BRDA:892,63,1,0
BRDA:905,64,0,0
BRDA:905,64,1,0
BRDA:911,65,0,0
BRDA:911,65,1,0
BRDA:928,66,0,0
BRF:101
BRH:11
end_of_record
